TN:
SF:src/common/config/database.config.ts
FN:7,connectDatabase
FN:17,disconnectDatabase
FNF:2
FNH:0
FNDA:0,connectDatabase
FNDA:0,disconnectDatabase
DA:1,0
DA:3,0
DA:7,0
DA:8,0
DA:9,0
DA:10,0
DA:12,0
DA:13,0
DA:17,0
DA:18,0
DA:21,0
LF:11
LH:0
BRDA:4,0,0,0
BRDA:4,0,1,0
BRF:2
BRH:0
end_of_record
TN:
SF:src/common/config/redis.config.ts
FN:11,getRedisClient
FN:19,(anonymous_2)
FN:23,(anonymous_3)
FN:27,(anonymous_4)
FN:40,closeRedisClient
FN:55,isRedisAvailable
FNF:6
FNH:0
FNDA:0,getRedisClient
FNDA:0,(anonymous_2)
FNDA:0,(anonymous_3)
FNDA:0,(anonymous_4)
FNDA:0,closeRedisClient
FNDA:0,isRedisAvailable
DA:1,0
DA:2,0
DA:4,0
DA:6,0
DA:11,0
DA:12,0
DA:13,0
DA:15,0
DA:19,0
DA:20,0
DA:23,0
DA:24,0
DA:27,0
DA:28,0
DA:31,0
DA:34,0
DA:40,0
DA:41,0
DA:42,0
DA:43,0
DA:47,0
DA:48,0
DA:55,0
DA:56,0
DA:57,0
DA:58,0
DA:59,0
DA:61,0
DA:62,0
LF:29
LH:0
BRDA:12,0,0,0
BRDA:12,0,1,0
BRDA:13,1,0,0
BRDA:13,1,1,0
BRDA:41,2,0,0
BRDA:41,2,1,0
BRF:6
BRH:0
end_of_record
TN:
SF:src/common/errors/AppError.ts
FN:2,(anonymous_0)
FNF:1
FNH:1
FNDA:15,(anonymous_0)
DA:1,6
DA:3,15
DA:4,15
DA:5,15
DA:6,15
DA:8,15
DA:9,15
DA:10,15
LF:8
LH:8
BRF:0
BRH:0
end_of_record
TN:
SF:src/common/errors/AuthError.ts
FN:4,(anonymous_0)
FNF:1
FNH:1
FNDA:13,(anonymous_0)
DA:1,6
DA:3,6
DA:5,13
DA:6,13
LF:4
LH:4
BRF:0
BRH:0
end_of_record
TN:
SF:src/common/errors/NotFoundError.ts
FN:4,(anonymous_0)
FNF:1
FNH:0
FNDA:0,(anonymous_0)
DA:1,6
DA:3,6
DA:5,0
DA:6,0
LF:4
LH:2
BRF:0
BRH:0
end_of_record
TN:
SF:src/common/errors/ValidationError.ts
FN:4,(anonymous_0)
FNF:1
FNH:1
FNDA:2,(anonymous_0)
DA:1,6
DA:3,6
DA:5,2
DA:6,2
LF:4
LH:4
BRF:0
BRH:0
end_of_record
TN:
SF:src/common/middleware/error.middleware.ts
FN:6,errorHandler
FNF:1
FNH:1
FNDA:8,errorHandler
DA:2,4
DA:3,4
DA:4,4
DA:6,4
DA:13,8
DA:16,8
DA:17,0
DA:18,0
DA:19,0
DA:23,0
DA:24,0
DA:31,8
DA:32,0
DA:38,8
DA:39,8
DA:46,0
LF:16
LH:9
BRDA:16,0,0,0
BRDA:16,0,1,8
BRDA:18,1,0,0
BRDA:18,1,1,0
BRDA:23,2,0,0
BRDA:23,2,1,0
BRDA:31,3,0,0
BRDA:31,3,1,8
BRDA:31,4,0,8
BRDA:31,4,1,0
BRDA:38,5,0,8
BRDA:38,5,1,0
BRDA:49,6,0,0
BRDA:49,6,1,0
BRF:14
BRH:4
end_of_record
TN:
SF:src/common/middleware/security.middleware.ts
FN:19,(anonymous_1)
FN:45,(anonymous_2)
FNF:2
FNH:1
FNDA:0,(anonymous_1)
FNDA:98,(anonymous_2)
DA:1,4
DA:7,4
DA:20,0
DA:33,4
DA:47,98
DA:54,4
LF:6
LH:5
BRF:0
BRH:0
end_of_record
TN:
SF:src/common/middleware/validation.middleware.ts
FN:5,validate
FN:6,(anonymous_1)
FNF:2
FNH:2
FNDA:152,validate
FNDA:77,(anonymous_1)
DA:2,4
DA:3,4
DA:5,4
DA:6,152
DA:7,77
DA:8,77
DA:9,76
DA:11,1
DA:12,1
DA:14,0
LF:10
LH:9
BRDA:11,0,0,1
BRDA:11,0,1,0
BRF:2
BRH:1
end_of_record
TN:
SF:src/common/utils/response.ts
FN:22,successResponse
FN:36,errorResponse
FNF:2
FNH:2
FNDA:89,successResponse
FNDA:8,errorResponse
DA:22,4
DA:26,89
DA:36,4
DA:41,8
LF:4
LH:4
BRF:0
BRH:0
end_of_record
TN:
SF:src/modules/audit/audit.controller.ts
FN:8,(anonymous_0)
FN:42,(anonymous_1)
FN:66,(anonymous_2)
FNF:3
FNH:0
FNDA:0,(anonymous_0)
FNDA:0,(anonymous_1)
FNDA:0,(anonymous_2)
DA:2,4
DA:3,4
DA:4,4
DA:9,0
DA:19,0
DA:21,0
DA:23,0
DA:35,0
DA:37,0
DA:43,0
DA:44,0
DA:45,0
DA:47,0
DA:57,0
DA:58,0
DA:59,0
DA:61,0
DA:67,0
DA:68,0
DA:69,0
DA:72,0
DA:76,0
DA:77,0
DA:78,0
DA:81,0
DA:127,0
DA:128,0
DA:129,0
DA:134,0
DA:137,0
DA:139,0
DA:144,4
LF:32
LH:4
BRDA:17,0,0,0
BRDA:18,1,0,0
BRDA:29,2,0,0
BRDA:29,2,1,0
BRDA:30,3,0,0
BRDA:30,3,1,0
BRDA:53,4,0,0
BRDA:53,4,1,0
BRDA:54,5,0,0
BRDA:54,5,1,0
BRDA:76,6,0,0
BRDA:76,6,1,0
BRDA:76,7,0,0
BRDA:76,7,1,0
BRDA:131,8,0,0
BRDA:131,8,1,0
BRDA:132,9,0,0
BRDA:132,9,1,0
BRF:18
BRH:0
end_of_record
TN:
SF:src/modules/audit/audit.routes.ts
FN:11,(anonymous_0)
FN:14,(anonymous_1)
FN:17,(anonymous_2)
FNF:3
FNH:0
FNDA:0,(anonymous_0)
FNDA:0,(anonymous_1)
FNDA:0,(anonymous_2)
DA:1,4
DA:2,4
DA:3,4
DA:5,4
DA:8,4
DA:11,4
DA:14,4
DA:17,4
DA:19,4
LF:9
LH:9
BRF:0
BRH:0
end_of_record
TN:
SF:src/modules/audit/audit.service.ts
FN:6,(anonymous_0)
FN:47,(anonymous_1)
FN:102,(anonymous_2)
FN:113,(anonymous_3)
FN:150,(anonymous_4)
FN:189,(anonymous_5)
FNF:6
FNH:0
FNDA:0,(anonymous_0)
FNDA:0,(anonymous_1)
FNDA:0,(anonymous_2)
FNDA:0,(anonymous_3)
FNDA:0,(anonymous_4)
FNDA:0,(anonymous_5)
DA:1,4
DA:2,4
DA:8,0
DA:16,0
DA:22,0
DA:48,0
DA:49,0
DA:50,0
DA:52,0
DA:59,0
DA:60,0
DA:62,0
DA:63,0
DA:65,0
DA:66,0
DA:68,0
DA:69,0
DA:72,0
DA:73,0
DA:74,0
DA:75,0
DA:77,0
DA:78,0
DA:82,0
DA:102,0
DA:104,0
DA:115,0
DA:121,0
DA:122,0
DA:124,0
DA:125,0
DA:127,0
DA:128,0
DA:130,0
DA:131,0
DA:134,0
DA:135,0
DA:136,0
DA:137,0
DA:139,0
DA:140,0
DA:144,0
DA:150,0
DA:164,0
DA:178,0
DA:183,0
DA:201,0
DA:216,0
DA:220,4
LF:49
LH:3
BRDA:16,0,0,0
BRDA:16,0,1,0
BRDA:17,1,0,0
BRDA:17,1,1,0
BRDA:17,2,0,0
BRDA:17,2,1,0
BRDA:18,3,0,0
BRDA:18,3,1,0
BRDA:18,4,0,0
BRDA:18,4,1,0
BRDA:25,5,0,0
BRDA:25,5,1,0
BRDA:29,6,0,0
BRDA:29,6,1,0
BRDA:35,7,0,0
BRDA:35,7,1,0
BRDA:36,8,0,0
BRDA:36,8,1,0
BRDA:36,9,0,0
BRDA:36,9,1,0
BRDA:37,10,0,0
BRDA:37,10,1,0
BRDA:48,11,0,0
BRDA:48,11,1,0
BRDA:48,12,0,0
BRDA:48,12,1,0
BRDA:49,13,0,0
BRDA:49,13,1,0
BRDA:49,14,0,0
BRDA:49,14,1,0
BRDA:59,15,0,0
BRDA:59,15,1,0
BRDA:62,16,0,0
BRDA:62,16,1,0
BRDA:65,17,0,0
BRDA:65,17,1,0
BRDA:68,18,0,0
BRDA:68,18,1,0
BRDA:72,19,0,0
BRDA:72,19,1,0
BRDA:72,20,0,0
BRDA:72,20,1,0
BRDA:74,21,0,0
BRDA:74,21,1,0
BRDA:77,22,0,0
BRDA:77,22,1,0
BRDA:121,23,0,0
BRDA:121,23,1,0
BRDA:124,24,0,0
BRDA:124,24,1,0
BRDA:127,25,0,0
BRDA:127,25,1,0
BRDA:130,26,0,0
BRDA:130,26,1,0
BRDA:134,27,0,0
BRDA:134,27,1,0
BRDA:134,28,0,0
BRDA:134,28,1,0
BRDA:136,29,0,0
BRDA:136,29,1,0
BRDA:139,30,0,0
BRDA:139,30,1,0
BRDA:158,31,0,0
BRDA:158,31,1,0
BRDA:159,32,0,0
BRDA:159,32,1,0
BRDA:160,33,0,0
BRDA:160,33,1,0
BRDA:161,34,0,0
BRDA:161,34,1,0
BRDA:207,35,0,0
BRDA:207,35,1,0
BRDA:208,36,0,0
BRDA:208,36,1,0
BRDA:209,37,0,0
BRDA:209,37,1,0
BRDA:210,38,0,0
BRDA:210,38,1,0
BRDA:211,39,0,0
BRDA:211,39,1,0
BRF:80
BRH:0
end_of_record
TN:
SF:src/modules/auth/auth.controller.ts
FN:6,(anonymous_0)
FN:15,(anonymous_1)
FN:25,(anonymous_2)
FNF:3
FNH:3
FNDA:4,(anonymous_0)
FNDA:21,(anonymous_1)
FNDA:3,(anonymous_2)
DA:2,4
DA:3,4
DA:7,4
DA:8,4
DA:9,3
DA:11,1
DA:16,21
DA:17,21
DA:18,21
DA:19,19
DA:21,2
DA:26,3
DA:28,3
DA:30,0
DA:35,4
LF:15
LH:14
BRF:0
BRH:0
end_of_record
TN:
SF:src/modules/auth/auth.middleware.ts
FN:15,authenticateToken
FN:35,requireRole
FN:36,(anonymous_2)
FNF:3
FNH:1
FNDA:72,authenticateToken
FNDA:0,requireRole
FNDA:0,(anonymous_2)
DA:2,4
DA:3,4
DA:15,4
DA:20,72
DA:21,72
DA:22,72
DA:23,1
DA:26,71
DA:27,71
DA:28,69
DA:29,69
DA:31,3
DA:35,4
DA:36,0
DA:37,0
DA:38,0
DA:40,0
DA:41,0
DA:43,0
LF:19
LH:13
BRDA:22,0,0,1
BRDA:22,0,1,71
BRDA:37,1,0,0
BRDA:37,1,1,0
BRDA:40,2,0,0
BRDA:40,2,1,0
BRF:6
BRH:2
end_of_record
TN:
SF:src/modules/auth/auth.routes.ts
FNF:0
FNH:0
DA:1,4
DA:2,4
DA:3,4
DA:4,4
DA:5,4
DA:7,4
DA:9,4
DA:10,4
DA:11,4
DA:13,4
LF:10
LH:10
BRF:0
BRH:0
end_of_record
TN:
SF:src/modules/auth/auth.service.ts
FN:8,(anonymous_1)
FN:56,(anonymous_2)
FN:107,(anonymous_3)
FN:145,(anonymous_4)
FNF:4
FNH:4
FNDA:7,(anonymous_1)
FNDA:25,(anonymous_2)
FNDA:73,(anonymous_3)
FNDA:26,(anonymous_4)
DA:1,5
DA:2,5
DA:3,5
DA:4,5
DA:10,7
DA:14,7
DA:15,2
DA:19,5
DA:22,5
DA:33,5
DA:43,5
DA:58,25
DA:62,25
DA:63,2
DA:67,23
DA:68,23
DA:69,2
DA:73,21
DA:74,0
DA:78,21
DA:84,21
DA:94,21
DA:108,73
DA:110,73
DA:116,70
DA:120,70
DA:121,0
DA:124,70
DA:125,0
DA:129,70
DA:138,3
DA:139,0
DA:141,3
DA:146,26
DA:151,26
DA:152,26
DA:154,26
DA:158,5
LF:38
LH:34
BRDA:14,0,0,2
BRDA:14,0,1,5
BRDA:26,1,0,5
BRDA:26,1,1,0
BRDA:27,2,0,5
BRDA:27,2,1,0
BRDA:28,3,0,5
BRDA:28,3,1,5
BRDA:62,4,0,2
BRDA:62,4,1,23
BRDA:68,5,0,2
BRDA:68,5,1,21
BRDA:73,6,0,0
BRDA:73,6,1,21
BRDA:112,7,0,73
BRDA:112,7,1,0
BRDA:120,8,0,0
BRDA:120,8,1,70
BRDA:124,9,0,0
BRDA:124,9,1,70
BRDA:138,10,0,0
BRDA:138,10,1,3
BRDA:138,11,0,3
BRDA:138,11,1,3
BRDA:151,12,0,26
BRDA:151,12,1,0
BRDA:152,13,0,26
BRDA:152,13,1,0
BRF:28
BRH:19
end_of_record
TN:
SF:src/modules/auth/auth.validation.ts
FNF:0
FNH:0
DA:1,4
DA:3,4
DA:8,4
LF:3
LH:3
BRF:0
BRH:0
end_of_record
TN:
SF:src/modules/client/client.controller.ts
FN:7,(anonymous_0)
FN:18,(anonymous_1)
FN:29,(anonymous_2)
FN:43,(anonymous_3)
FN:55,(anonymous_4)
FN:70,(anonymous_5)
FN:85,(anonymous_6)
FN:96,(anonymous_7)
FNF:8
FNH:0
FNDA:0,(anonymous_0)
FNDA:0,(anonymous_1)
FNDA:0,(anonymous_2)
FNDA:0,(anonymous_3)
FNDA:0,(anonymous_4)
FNDA:0,(anonymous_5)
FNDA:0,(anonymous_6)
FNDA:0,(anonymous_7)
DA:2,4
DA:3,4
DA:8,0
DA:9,0
DA:10,0
DA:11,0
DA:13,0
DA:19,0
DA:20,0
DA:21,0
DA:22,0
DA:24,0
DA:30,0
DA:31,0
DA:32,0
DA:33,0
DA:34,0
DA:35,0
DA:37,0
DA:38,0
DA:44,0
DA:45,0
DA:46,0
DA:47,0
DA:48,0
DA:50,0
DA:56,0
DA:57,0
DA:58,0
DA:59,0
DA:61,0
DA:63,0
DA:65,0
DA:71,0
DA:72,0
DA:73,0
DA:74,0
DA:76,0
DA:78,0
DA:80,0
DA:86,0
DA:87,0
DA:88,0
DA:89,0
DA:91,0
DA:97,0
DA:98,0
DA:99,0
DA:100,0
DA:101,0
DA:103,0
DA:108,4
LF:52
LH:3
BRDA:61,0,0,0
BRDA:61,0,1,0
BRDA:76,1,0,0
BRDA:76,1,1,0
BRF:4
BRH:0
end_of_record
TN:
SF:src/modules/client/client.routes.ts
FN:10,(anonymous_0)
FN:14,(anonymous_1)
FN:16,(anonymous_2)
FN:20,(anonymous_3)
FN:22,(anonymous_4)
FN:26,(anonymous_5)
FN:30,(anonymous_6)
FN:32,(anonymous_7)
FNF:8
FNH:0
FNDA:0,(anonymous_0)
FNDA:0,(anonymous_1)
FNDA:0,(anonymous_2)
FNDA:0,(anonymous_3)
FNDA:0,(anonymous_4)
FNDA:0,(anonymous_5)
FNDA:0,(anonymous_6)
FNDA:0,(anonymous_7)
DA:1,4
DA:2,4
DA:3,4
DA:5,4
DA:8,4
DA:10,4
DA:11,0
DA:14,4
DA:16,4
DA:17,0
DA:20,4
DA:22,4
DA:23,0
DA:26,4
DA:27,0
DA:30,4
DA:32,4
DA:33,0
DA:36,4
LF:19
LH:14
BRF:0
BRH:0
end_of_record
TN:
SF:src/modules/client/client.service.ts
FN:18,(anonymous_0)
FN:72,(anonymous_1)
FN:90,(anonymous_2)
FN:93,(anonymous_3)
FN:132,(anonymous_4)
FN:156,(anonymous_5)
FN:170,(anonymous_6)
FN:184,(anonymous_7)
FN:187,(anonymous_8)
FN:202,(anonymous_9)
FN:228,(anonymous_10)
FN:230,(anonymous_11)
FN:239,(anonymous_12)
FNF:13
FNH:0
FNDA:0,(anonymous_0)
FNDA:0,(anonymous_1)
FNDA:0,(anonymous_2)
FNDA:0,(anonymous_3)
FNDA:0,(anonymous_4)
FNDA:0,(anonymous_5)
FNDA:0,(anonymous_6)
FNDA:0,(anonymous_7)
FNDA:0,(anonymous_8)
FNDA:0,(anonymous_9)
FNDA:0,(anonymous_10)
FNDA:0,(anonymous_11)
FNDA:0,(anonymous_12)
DA:1,4
DA:2,4
DA:19,0
DA:72,0
DA:79,0
DA:91,0
DA:93,0
DA:94,0
DA:95,0
DA:96,0
DA:97,0
DA:99,0
DA:100,0
DA:102,0
DA:103,0
DA:104,0
DA:105,0
DA:106,0
DA:107,0
DA:108,0
DA:109,0
DA:110,0
DA:112,0
DA:113,0
DA:116,0
DA:126,0
DA:136,0
DA:139,0
DA:148,0
DA:150,0
DA:156,0
DA:175,0
DA:185,0
DA:187,0
DA:188,0
DA:189,0
DA:206,0
DA:209,0
DA:228,0
DA:229,0
DA:230,0
DA:233,0
DA:238,0
DA:239,0
DA:240,0
DA:241,0
DA:242,0
DA:247,0
DA:250,0
DA:251,0
DA:252,0
DA:260,0
DA:271,0
DA:281,4
LF:54
LH:3
BRDA:74,0,0,0
BRDA:74,0,1,0
BRDA:76,1,0,0
BRDA:76,1,1,0
BRDA:102,2,0,0
BRDA:102,2,1,0
BRDA:105,3,0,0
BRDA:105,3,1,0
BRDA:108,4,0,0
BRDA:108,4,1,0
BRDA:118,5,0,0
BRDA:118,5,1,0
BRDA:140,6,0,0
BRDA:140,6,1,0
BRDA:140,6,2,0
BRDA:141,7,0,0
BRDA:141,7,1,0
BRDA:142,8,0,0
BRDA:142,8,1,0
BRDA:143,9,0,0
BRDA:143,9,1,0
BRDA:144,10,0,0
BRDA:144,10,1,0
BRDA:148,11,0,0
BRDA:148,11,1,0
BRDA:152,12,0,0
BRDA:152,12,1,0
BRDA:153,13,0,0
BRDA:153,13,1,0
BRDA:157,14,0,0
BRDA:157,14,1,0
BRDA:159,15,0,0
BRDA:159,15,1,0
BRDA:160,16,0,0
BRDA:160,16,1,0
BRDA:160,17,0,0
BRDA:160,17,1,0
BRDA:160,18,0,0
BRDA:160,18,1,0
BRDA:161,19,0,0
BRDA:161,19,1,0
BRDA:191,20,0,0
BRDA:191,20,1,0
BRDA:228,21,0,0
BRDA:228,21,1,0
BRDA:238,22,0,0
BRDA:238,22,1,0
BRDA:240,23,0,0
BRDA:240,23,1,0
BRDA:242,24,0,0
BRDA:242,24,1,0
BRDA:243,25,0,0
BRDA:243,25,1,0
BRDA:243,26,0,0
BRDA:243,26,1,0
BRDA:244,27,0,0
BRDA:244,27,1,0
BRDA:247,28,0,0
BRDA:247,28,1,0
BRDA:250,29,0,0
BRDA:250,29,1,0
BRDA:252,30,0,0
BRDA:252,30,1,0
BRDA:253,31,0,0
BRDA:253,31,1,0
BRDA:253,32,0,0
BRDA:253,32,1,0
BRDA:254,33,0,0
BRDA:254,33,1,0
BRDA:273,34,0,0
BRDA:273,34,1,0
BRF:71
BRH:0
end_of_record
TN:
SF:src/modules/company/company.controller.ts
FN:5,(anonymous_0)
FN:7,(anonymous_1)
FN:33,(anonymous_2)
FN:44,(anonymous_3)
FN:56,(anonymous_4)
FN:67,(anonymous_5)
FN:85,(anonymous_6)
FN:125,(anonymous_7)
FN:156,(anonymous_8)
FN:167,(anonymous_9)
FN:178,(anonymous_10)
FN:200,(anonymous_11)
FN:211,(anonymous_12)
FNF:13
FNH:1
FNDA:4,(anonymous_0)
FNDA:0,(anonymous_1)
FNDA:0,(anonymous_2)
FNDA:0,(anonymous_3)
FNDA:0,(anonymous_4)
FNDA:0,(anonymous_5)
FNDA:0,(anonymous_6)
FNDA:0,(anonymous_7)
FNDA:0,(anonymous_8)
FNDA:0,(anonymous_9)
FNDA:0,(anonymous_10)
FNDA:0,(anonymous_11)
FNDA:0,(anonymous_12)
DA:2,4
DA:3,4
DA:7,4
DA:8,0
DA:9,0
DA:10,0
DA:11,0
DA:17,0
DA:19,0
DA:26,0
DA:28,0
DA:33,4
DA:34,0
DA:35,0
DA:36,0
DA:37,0
DA:39,0
DA:44,4
DA:45,0
DA:46,0
DA:47,0
DA:48,0
DA:49,0
DA:51,0
DA:56,4
DA:57,0
DA:58,0
DA:59,0
DA:60,0
DA:62,0
DA:67,4
DA:68,0
DA:69,0
DA:70,0
DA:71,0
DA:77,0
DA:78,0
DA:80,0
DA:85,4
DA:86,0
DA:87,0
DA:88,0
DA:89,0
DA:95,0
DA:97,0
DA:101,0
DA:105,0
DA:113,0
DA:115,0
DA:116,0
DA:117,0
DA:118,0
DA:120,0
DA:125,4
DA:126,0
DA:127,0
DA:128,0
DA:130,0
DA:134,0
DA:138,0
DA:144,0
DA:146,0
DA:147,0
DA:148,0
DA:149,0
DA:151,0
DA:156,4
DA:157,0
DA:158,0
DA:159,0
DA:160,0
DA:162,0
DA:167,4
DA:168,0
DA:169,0
DA:170,0
DA:171,0
DA:173,0
DA:178,4
DA:179,0
DA:180,0
DA:181,0
DA:182,0
DA:188,0
DA:189,0
DA:192,0
DA:193,0
DA:195,0
DA:200,4
DA:201,0
DA:202,0
DA:203,0
DA:204,0
DA:206,0
DA:211,4
DA:212,0
DA:213,0
DA:214,0
DA:215,0
DA:221,0
DA:222,0
DA:224,0
DA:229,4
LF:103
LH:15
BRDA:10,0,0,0
BRDA:10,0,1,0
BRDA:10,1,0,0
BRDA:10,1,1,0
BRDA:70,2,0,0
BRDA:70,2,1,0
BRDA:70,3,0,0
BRDA:70,3,1,0
BRDA:88,4,0,0
BRDA:88,4,1,0
BRDA:88,5,0,0
BRDA:88,5,1,0
BRDA:101,6,0,0
BRDA:101,6,1,0
BRDA:101,7,0,0
BRDA:101,7,1,0
BRDA:101,7,2,0
BRDA:116,8,0,0
BRDA:116,8,1,0
BRDA:134,9,0,0
BRDA:134,9,1,0
BRDA:134,10,0,0
BRDA:134,10,1,0
BRDA:134,10,2,0
BRDA:147,11,0,0
BRDA:147,11,1,0
BRDA:181,12,0,0
BRDA:181,12,1,0
BRDA:181,13,0,0
BRDA:181,13,1,0
BRDA:189,14,0,0
BRDA:189,14,1,0
BRDA:189,15,0,0
BRDA:189,15,1,0
BRDA:189,15,2,0
BRDA:214,16,0,0
BRDA:214,16,1,0
BRDA:214,17,0,0
BRDA:214,17,1,0
BRF:39
BRH:0
end_of_record
TN:
SF:src/modules/company/company.routes.ts
FNF:0
FNH:0
DA:1,4
DA:2,4
DA:3,4
DA:4,4
DA:5,4
DA:13,4
DA:16,4
DA:19,4
DA:24,4
DA:29,4
DA:34,4
DA:37,4
DA:40,4
DA:41,4
DA:42,4
DA:43,4
DA:44,4
DA:45,4
DA:48,4
DA:50,4
LF:20
LH:20
BRF:0
BRH:0
end_of_record
TN:
SF:src/modules/company/company.service.ts
FN:15,(anonymous_0)
FN:28,(anonymous_1)
FN:57,(anonymous_2)
FN:97,(anonymous_3)
FN:128,(anonymous_4)
FN:189,(anonymous_5)
FN:226,(anonymous_6)
FN:292,(anonymous_7)
FN:319,(anonymous_8)
FN:368,(anonymous_9)
FN:444,(anonymous_10)
FN:494,(anonymous_11)
FN:587,(anonymous_12)
FN:610,(anonymous_13)
FN:653,(anonymous_14)
FN:691,(anonymous_15)
FN:728,(anonymous_16)
FNF:17
FNH:0
FNDA:0,(anonymous_0)
FNDA:0,(anonymous_1)
FNDA:0,(anonymous_2)
FNDA:0,(anonymous_3)
FNDA:0,(anonymous_4)
FNDA:0,(anonymous_5)
FNDA:0,(anonymous_6)
FNDA:0,(anonymous_7)
FNDA:0,(anonymous_8)
FNDA:0,(anonymous_9)
FNDA:0,(anonymous_10)
FNDA:0,(anonymous_11)
FNDA:0,(anonymous_12)
FNDA:0,(anonymous_13)
FNDA:0,(anonymous_14)
FNDA:0,(anonymous_15)
FNDA:0,(anonymous_16)
DA:1,4
DA:2,4
DA:16,0
DA:29,0
DA:30,0
DA:31,0
DA:32,0
DA:33,0
DA:34,0
DA:35,0
DA:39,0
DA:40,0
DA:43,0
DA:58,0
DA:60,0
DA:61,0
DA:65,0
DA:66,0
DA:69,0
DA:70,0
DA:77,0
DA:86,0
DA:88,0
DA:89,0
DA:91,0
DA:92,0
DA:98,0
DA:99,0
DA:103,0
DA:104,0
DA:108,0
DA:109,0
DA:110,0
DA:112,0
DA:117,0
DA:119,0
DA:120,0
DA:122,0
DA:123,0
DA:129,0
DA:130,0
DA:134,0
DA:135,0
DA:138,0
DA:139,0
DA:142,0
DA:143,0
DA:147,0
DA:148,0
DA:151,0
DA:152,0
DA:159,0
DA:162,0
DA:163,0
DA:164,0
DA:171,0
DA:178,0
DA:180,0
DA:181,0
DA:183,0
DA:184,0
DA:190,0
DA:191,0
DA:199,0
DA:200,0
DA:204,0
DA:205,0
DA:209,0
DA:210,0
DA:213,0
DA:217,0
DA:218,0
DA:220,0
DA:221,0
DA:227,0
DA:228,0
DA:242,0
DA:243,0
DA:244,0
DA:245,0
DA:249,0
DA:250,0
DA:252,0
DA:253,0
DA:254,0
DA:255,0
DA:257,0
DA:258,0
DA:259,0
DA:262,0
DA:263,0
DA:264,0
DA:265,0
DA:271,0
DA:274,0
DA:276,0
DA:277,0
DA:278,0
DA:280,0
DA:284,0
DA:286,0
DA:287,0
DA:293,0
DA:294,0
DA:295,0
DA:296,0
DA:297,0
DA:298,0
DA:301,0
DA:302,0
DA:304,0
DA:305,0
DA:306,0
DA:307,0
DA:308,0
DA:309,0
DA:310,0
DA:315,0
DA:320,0
DA:322,0
DA:325,0
DA:326,0
DA:330,0
DA:331,0
DA:334,0
DA:335,0
DA:343,0
DA:344,0
DA:345,0
DA:349,0
DA:356,0
DA:357,0
DA:364,0
DA:365,0
DA:366,0
DA:368,0
DA:369,0
DA:370,0
DA:372,0
DA:378,0
DA:379,0
DA:380,0
DA:381,0
DA:383,0
DA:384,0
DA:385,0
DA:387,0
DA:394,0
DA:403,0
DA:404,0
DA:414,0
DA:415,0
DA:417,0
DA:422,0
DA:426,0
DA:433,0
DA:435,0
DA:436,0
DA:438,0
DA:439,0
DA:445,0
DA:446,0
DA:450,0
DA:451,0
DA:455,0
DA:456,0
DA:457,0
DA:458,0
DA:460,0
DA:463,0
DA:464,0
DA:472,0
DA:473,0
DA:481,0
DA:482,0
DA:483,0
DA:484,0
DA:485,0
DA:488,0
DA:489,0
DA:491,0
DA:492,0
DA:494,0
DA:495,0
DA:496,0
DA:498,0
DA:500,0
DA:502,0
DA:506,0
DA:509,0
DA:510,0
DA:511,0
DA:512,0
DA:515,0
DA:516,0
DA:521,0
DA:526,0
DA:528,0
DA:534,0
DA:538,0
DA:539,0
DA:544,0
DA:545,0
DA:546,0
DA:548,0
DA:553,0
DA:557,0
DA:558,0
DA:559,0
DA:567,0
DA:568,0
DA:571,0
DA:573,0
DA:574,0
DA:577,0
DA:578,0
DA:579,0
DA:580,0
DA:582,0
DA:588,0
DA:589,0
DA:593,0
DA:594,0
DA:597,0
DA:601,0
DA:602,0
DA:604,0
DA:605,0
DA:611,0
DA:612,0
DA:617,0
DA:618,0
DA:620,0
DA:621,0
DA:624,0
DA:625,0
DA:633,0
DA:637,0
DA:644,0
DA:645,0
DA:647,0
DA:648,0
DA:654,0
DA:655,0
DA:656,0
DA:657,0
DA:660,0
DA:666,0
DA:667,0
DA:668,0
DA:669,0
DA:675,0
DA:678,0
DA:679,0
DA:683,0
DA:685,0
DA:686,0
DA:692,0
DA:693,0
DA:697,0
DA:698,0
DA:701,0
DA:706,0
DA:707,0
DA:708,0
DA:714,0
DA:717,0
DA:719,0
DA:720,0
DA:722,0
DA:723,0
DA:729,0
DA:730,0
DA:744,0
DA:746,0
DA:747,0
DA:752,4
LF:277
LH:3
BRDA:19,0,0,0
BRDA:19,0,1,0
BRDA:31,1,0,0
BRDA:31,1,1,0
BRDA:32,2,0,0
BRDA:32,2,1,0
BRDA:34,3,0,0
BRDA:34,3,1,0
BRDA:46,4,0,0
BRDA:46,4,1,0
BRDA:60,5,0,0
BRDA:60,5,1,0
BRDA:65,6,0,0
BRDA:65,6,1,0
BRDA:69,7,0,0
BRDA:69,7,1,0
BRDA:81,8,0,0
BRDA:81,8,1,0
BRDA:88,9,0,0
BRDA:88,9,1,0
BRDA:88,10,0,0
BRDA:88,10,1,0
BRDA:103,11,0,0
BRDA:103,11,1,0
BRDA:109,12,0,0
BRDA:109,12,1,0
BRDA:110,13,0,0
BRDA:110,13,1,0
BRDA:119,14,0,0
BRDA:119,14,1,0
BRDA:134,15,0,0
BRDA:134,15,1,0
BRDA:138,16,0,0
BRDA:138,16,1,0
BRDA:142,17,0,0
BRDA:142,17,1,0
BRDA:147,18,0,0
BRDA:147,18,1,0
BRDA:151,19,0,0
BRDA:151,19,1,0
BRDA:163,20,0,0
BRDA:163,20,1,0
BRDA:180,21,0,0
BRDA:180,21,1,0
BRDA:180,22,0,0
BRDA:180,22,1,0
BRDA:199,23,0,0
BRDA:199,23,1,0
BRDA:204,24,0,0
BRDA:204,24,1,0
BRDA:204,25,0,0
BRDA:204,25,1,0
BRDA:209,26,0,0
BRDA:209,26,1,0
BRDA:209,27,0,0
BRDA:209,27,1,0
BRDA:217,28,0,0
BRDA:217,28,1,0
BRDA:217,29,0,0
BRDA:217,29,1,0
BRDA:245,30,0,0
BRDA:245,30,1,0
BRDA:253,31,0,0
BRDA:253,31,1,0
BRDA:254,32,0,0
BRDA:254,32,1,0
BRDA:257,33,0,0
BRDA:257,33,1,0
BRDA:258,34,0,0
BRDA:258,34,1,0
BRDA:268,35,0,0
BRDA:268,35,1,0
BRDA:269,36,0,0
BRDA:269,36,1,0
BRDA:277,37,0,0
BRDA:277,37,1,0
BRDA:277,38,0,0
BRDA:277,38,1,0
BRDA:295,39,0,0
BRDA:295,39,1,0
BRDA:296,40,0,0
BRDA:296,40,1,0
BRDA:306,41,0,0
BRDA:306,41,1,0
BRDA:308,42,0,0
BRDA:308,42,1,0
BRDA:325,43,0,0
BRDA:325,43,1,0
BRDA:330,44,0,0
BRDA:330,44,1,0
BRDA:334,45,0,0
BRDA:334,45,1,0
BRDA:334,46,0,0
BRDA:334,46,1,0
BRDA:344,47,0,0
BRDA:344,47,1,0
BRDA:356,48,0,0
BRDA:356,48,1,0
BRDA:365,49,0,0
BRDA:365,49,1,0
BRDA:366,50,0,0
BRDA:366,50,1,0
BRDA:366,51,0,0
BRDA:366,51,1,0
BRDA:369,52,0,0
BRDA:369,52,1,0
BRDA:379,53,0,0
BRDA:379,53,1,0
BRDA:379,54,0,0
BRDA:379,54,1,0
BRDA:379,54,2,0
BRDA:379,54,3,0
BRDA:381,55,0,0
BRDA:381,55,1,0
BRDA:384,56,0,0
BRDA:384,56,1,0
BRDA:396,57,0,0
BRDA:396,57,1,0
BRDA:407,58,0,0
BRDA:407,58,1,0
BRDA:415,59,0,0
BRDA:415,59,1,0
BRDA:435,60,0,0
BRDA:435,60,1,0
BRDA:435,61,0,0
BRDA:435,61,1,0
BRDA:450,62,0,0
BRDA:450,62,1,0
BRDA:455,63,0,0
BRDA:455,63,1,0
BRDA:455,64,0,0
BRDA:455,64,1,0
BRDA:457,65,0,0
BRDA:457,65,1,0
BRDA:463,66,0,0
BRDA:463,66,1,0
BRDA:472,67,0,0
BRDA:472,67,1,0
BRDA:482,68,0,0
BRDA:482,68,1,0
BRDA:482,69,0,0
BRDA:482,69,1,0
BRDA:484,70,0,0
BRDA:484,70,1,0
BRDA:488,71,0,0
BRDA:488,71,1,0
BRDA:489,72,0,0
BRDA:489,72,1,0
BRDA:489,73,0,0
BRDA:489,73,1,0
BRDA:491,74,0,0
BRDA:491,74,1,0
BRDA:492,75,0,0
BRDA:492,75,1,0
BRDA:492,76,0,0
BRDA:492,76,1,0
BRDA:492,76,2,0
BRDA:495,77,0,0
BRDA:495,77,1,0
BRDA:506,78,0,0
BRDA:506,78,1,0
BRDA:509,79,0,0
BRDA:509,79,1,0
BRDA:509,80,0,0
BRDA:509,80,1,0
BRDA:509,80,2,0
BRDA:511,81,0,0
BRDA:511,81,1,0
BRDA:511,82,0,0
BRDA:511,82,1,0
BRDA:515,83,0,0
BRDA:515,83,1,0
BRDA:515,84,0,0
BRDA:515,84,1,0
BRDA:526,85,0,0
BRDA:526,85,1,0
BRDA:546,86,0,0
BRDA:546,86,1,0
BRDA:573,87,0,0
BRDA:573,87,1,0
BRDA:573,88,0,0
BRDA:573,88,1,0
BRDA:578,89,0,0
BRDA:578,89,1,0
BRDA:593,90,0,0
BRDA:593,90,1,0
BRDA:601,91,0,0
BRDA:601,91,1,0
BRDA:617,92,0,0
BRDA:617,92,1,0
BRDA:620,93,0,0
BRDA:620,93,1,0
BRDA:624,94,0,0
BRDA:624,94,1,0
BRDA:633,95,0,0
BRDA:633,95,1,0
BRDA:644,96,0,0
BRDA:644,96,1,0
BRDA:644,97,0,0
BRDA:644,97,1,0
BRDA:656,98,0,0
BRDA:656,98,1,0
BRDA:656,99,0,0
BRDA:656,99,1,0
BRDA:697,100,0,0
BRDA:697,100,1,0
BRDA:719,101,0,0
BRDA:719,101,1,0
BRF:208
BRH:0
end_of_record
TN:
SF:src/modules/company/company.validation.ts
FNF:0
FNH:0
DA:1,4
DA:3,4
DA:9,4
DA:14,4
DA:18,4
DA:25,4
LF:6
LH:6
BRF:0
BRH:0
end_of_record
TN:
SF:src/modules/database/database.controller.ts
FN:5,(anonymous_0)
FN:7,(anonymous_1)
FN:26,(anonymous_2)
FN:38,(anonymous_3)
FN:57,(anonymous_4)
FN:89,(anonymous_5)
FN:101,(anonymous_6)
FN:113,(anonymous_7)
FN:125,(anonymous_8)
FN:137,(anonymous_9)
FN:150,(anonymous_10)
FN:177,(anonymous_11)
FN:190,(anonymous_12)
FN:202,(anonymous_13)
FN:223,(anonymous_14)
FNF:15
FNH:1
FNDA:4,(anonymous_0)
FNDA:0,(anonymous_1)
FNDA:0,(anonymous_2)
FNDA:0,(anonymous_3)
FNDA:0,(anonymous_4)
FNDA:0,(anonymous_5)
FNDA:0,(anonymous_6)
FNDA:0,(anonymous_7)
FNDA:0,(anonymous_8)
FNDA:0,(anonymous_9)
FNDA:0,(anonymous_10)
FNDA:0,(anonymous_11)
FNDA:0,(anonymous_12)
FNDA:0,(anonymous_13)
FNDA:0,(anonymous_14)
DA:2,4
DA:3,4
DA:7,4
DA:8,0
DA:9,0
DA:10,0
DA:12,0
DA:19,0
DA:21,0
DA:26,4
DA:27,0
DA:28,0
DA:29,0
DA:31,0
DA:33,0
DA:38,4
DA:39,0
DA:40,0
DA:41,0
DA:43,0
DA:44,0
DA:50,0
DA:52,0
DA:57,4
DA:58,0
DA:59,0
DA:60,0
DA:64,0
DA:65,0
DA:66,0
DA:73,0
DA:74,0
DA:82,0
DA:84,0
DA:89,4
DA:90,0
DA:91,0
DA:92,0
DA:94,0
DA:96,0
DA:101,4
DA:102,0
DA:103,0
DA:104,0
DA:106,0
DA:108,0
DA:113,4
DA:114,0
DA:115,0
DA:116,0
DA:118,0
DA:120,0
DA:125,4
DA:126,0
DA:127,0
DA:128,0
DA:130,0
DA:132,0
DA:137,4
DA:138,0
DA:139,0
DA:140,0
DA:141,0
DA:143,0
DA:145,0
DA:150,4
DA:151,0
DA:152,0
DA:153,0
DA:168,0
DA:170,0
DA:172,0
DA:177,4
DA:178,0
DA:179,0
DA:180,0
DA:181,0
DA:183,0
DA:185,0
DA:190,4
DA:191,0
DA:192,0
DA:193,0
DA:195,0
DA:197,0
DA:202,4
DA:203,0
DA:204,0
DA:205,0
DA:207,0
DA:208,0
DA:214,0
DA:216,0
DA:218,0
DA:223,4
DA:224,0
DA:225,0
DA:226,0
DA:228,0
DA:229,0
DA:230,0
DA:232,0
DA:237,4
LF:103
LH:17
BRDA:43,0,0,0
BRDA:43,0,1,0
BRDA:65,1,0,0
BRDA:65,1,1,0
BRDA:77,2,0,0
BRDA:77,2,1,0
BRDA:78,3,0,0
BRDA:78,3,1,0
BRDA:154,4,0,0
BRDA:154,4,1,0
BRDA:155,5,0,0
BRDA:155,5,1,0
BRDA:159,6,0,0
BRDA:159,6,1,0
BRDA:160,7,0,0
BRDA:160,7,1,0
BRDA:164,8,0,0
BRDA:164,8,1,0
BRDA:165,9,0,0
BRDA:165,9,1,0
BRDA:207,10,0,0
BRDA:207,10,1,0
BRF:22
BRH:0
end_of_record
TN:
SF:src/modules/database/database.routes.ts
FN:24,(anonymous_1)
FNF:1
FNH:0
FNDA:0,(anonymous_1)
DA:1,4
DA:2,4
DA:3,4
DA:4,4
DA:5,4
DA:6,4
DA:16,4
DA:19,4
DA:25,0
DA:26,0
DA:28,0
DA:34,4
DA:37,4
DA:38,4
DA:39,4
DA:40,4
DA:43,4
DA:44,4
DA:45,4
DA:48,4
DA:51,4
DA:52,4
DA:53,4
DA:54,4
DA:57,4
DA:58,4
DA:60,4
LF:27
LH:24
BRDA:25,0,0,0
BRDA:25,0,1,0
BRDA:25,1,0,0
BRDA:25,1,1,0
BRF:4
BRH:0
end_of_record
TN:
SF:src/modules/database/database.service.ts
FN:23,(anonymous_0)
FN:32,(anonymous_1)
FN:42,(anonymous_2)
FN:57,(anonymous_3)
FN:99,(anonymous_4)
FN:115,(anonymous_5)
FN:154,(anonymous_6)
FN:169,(anonymous_7)
FN:200,(anonymous_8)
FN:211,(anonymous_9)
FN:239,(anonymous_10)
FN:265,(anonymous_11)
FN:266,(anonymous_12)
FN:305,(anonymous_13)
FN:323,(anonymous_14)
FN:331,(anonymous_15)
FN:349,(anonymous_16)
FN:434,(anonymous_17)
FN:452,(anonymous_18)
FN:464,(anonymous_19)
FN:508,(anonymous_20)
FN:548,(anonymous_21)
FN:606,(anonymous_22)
FN:615,(anonymous_23)
FN:643,(anonymous_24)
FN:699,(anonymous_25)
FN:738,(anonymous_26)
FN:769,(anonymous_27)
FN:820,(anonymous_28)
FN:842,(anonymous_29)
FN:850,(anonymous_30)
FNF:31
FNH:0
FNDA:0,(anonymous_0)
FNDA:0,(anonymous_1)
FNDA:0,(anonymous_2)
FNDA:0,(anonymous_3)
FNDA:0,(anonymous_4)
FNDA:0,(anonymous_5)
FNDA:0,(anonymous_6)
FNDA:0,(anonymous_7)
FNDA:0,(anonymous_8)
FNDA:0,(anonymous_9)
FNDA:0,(anonymous_10)
FNDA:0,(anonymous_11)
FNDA:0,(anonymous_12)
FNDA:0,(anonymous_13)
FNDA:0,(anonymous_14)
FNDA:0,(anonymous_15)
FNDA:0,(anonymous_16)
FNDA:0,(anonymous_17)
FNDA:0,(anonymous_18)
FNDA:0,(anonymous_19)
FNDA:0,(anonymous_20)
FNDA:0,(anonymous_21)
FNDA:0,(anonymous_22)
FNDA:0,(anonymous_23)
FNDA:0,(anonymous_24)
FNDA:0,(anonymous_25)
FNDA:0,(anonymous_26)
FNDA:0,(anonymous_27)
FNDA:0,(anonymous_28)
FNDA:0,(anonymous_29)
FNDA:0,(anonymous_30)
DA:1,4
DA:2,4
DA:17,4
DA:18,4
DA:19,4
DA:24,0
DA:25,0
DA:33,0
DA:34,0
DA:43,0
DA:58,0
DA:60,0
DA:63,0
DA:72,0
DA:73,0
DA:77,0
DA:88,0
DA:90,0
DA:91,0
DA:93,0
DA:94,0
DA:100,0
DA:101,0
DA:105,0
DA:106,0
DA:110,0
DA:112,0
DA:115,0
DA:116,0
DA:120,0
DA:133,0
DA:136,0
DA:143,0
DA:145,0
DA:146,0
DA:148,0
DA:149,0
DA:159,0
DA:160,0
DA:164,0
DA:165,0
DA:168,0
DA:169,0
DA:171,0
DA:172,0
DA:176,0
DA:182,0
DA:189,0
DA:191,0
DA:192,0
DA:194,0
DA:195,0
DA:201,0
DA:202,0
DA:206,0
DA:207,0
DA:210,0
DA:211,0
DA:213,0
DA:214,0
DA:218,0
DA:221,0
DA:228,0
DA:230,0
DA:231,0
DA:233,0
DA:234,0
DA:243,0
DA:244,0
DA:248,0
DA:249,0
DA:253,0
DA:257,0
DA:258,0
DA:262,0
DA:263,0
DA:265,0
DA:266,0
DA:268,0
DA:269,0
DA:272,0
DA:273,0
DA:277,0
DA:278,0
DA:284,0
DA:287,0
DA:294,0
DA:296,0
DA:297,0
DA:299,0
DA:300,0
DA:306,0
DA:307,0
DA:323,0
DA:325,0
DA:326,0
DA:332,0
DA:333,0
DA:337,0
DA:338,0
DA:341,0
DA:343,0
DA:344,0
DA:350,0
DA:351,0
DA:354,0
DA:355,0
DA:359,0
DA:360,0
DA:364,0
DA:366,0
DA:367,0
DA:369,0
DA:370,0
DA:371,0
DA:376,0
DA:377,0
DA:382,0
DA:385,0
DA:386,0
DA:388,0
DA:391,0
DA:392,0
DA:394,0
DA:397,0
DA:398,0
DA:400,0
DA:401,0
DA:402,0
DA:403,0
DA:409,0
DA:410,0
DA:415,0
DA:416,0
DA:421,0
DA:425,0
DA:435,0
DA:436,0
DA:439,0
DA:442,0
DA:445,0
DA:446,0
DA:451,0
DA:452,0
DA:453,0
DA:456,0
DA:458,0
DA:459,0
DA:469,0
DA:470,0
DA:474,0
DA:475,0
DA:478,0
DA:481,0
DA:484,0
DA:485,0
DA:486,0
DA:487,0
DA:488,0
DA:489,0
DA:494,0
DA:495,0
DA:497,0
DA:508,0
DA:509,0
DA:510,0
DA:513,0
DA:514,0
DA:523,0
DA:532,0
DA:539,0
DA:540,0
DA:542,0
DA:543,0
DA:552,0
DA:553,0
DA:557,0
DA:558,0
DA:561,0
DA:562,0
DA:563,0
DA:566,0
DA:572,0
DA:574,0
DA:575,0
DA:576,0
DA:583,0
DA:584,0
DA:589,0
DA:592,0
DA:606,0
DA:614,0
DA:615,0
DA:616,0
DA:617,0
DA:618,0
DA:619,0
DA:620,0
DA:621,0
DA:622,0
DA:623,0
DA:627,0
DA:634,0
DA:635,0
DA:637,0
DA:638,0
DA:649,0
DA:650,0
DA:654,0
DA:655,0
DA:658,0
DA:662,0
DA:663,0
DA:666,0
DA:667,0
DA:670,0
DA:673,0
DA:676,0
DA:677,0
DA:678,0
DA:679,0
DA:684,0
DA:685,0
DA:687,0
DA:699,0
DA:700,0
DA:701,0
DA:704,0
DA:705,0
DA:714,0
DA:722,0
DA:729,0
DA:730,0
DA:732,0
DA:733,0
DA:739,0
DA:740,0
DA:744,0
DA:745,0
DA:748,0
DA:749,0
DA:753,0
DA:760,0
DA:761,0
DA:763,0
DA:764,0
DA:774,0
DA:775,0
DA:779,0
DA:780,0
DA:783,0
DA:786,0
DA:792,0
DA:793,0
DA:796,0
DA:797,0
DA:798,0
DA:799,0
DA:800,0
DA:802,0
DA:809,0
DA:811,0
DA:812,0
DA:814,0
DA:815,0
DA:821,0
DA:822,0
DA:826,0
DA:827,0
DA:830,0
DA:833,0
DA:842,0
DA:850,0
DA:851,0
DA:854,0
DA:859,0
DA:861,0
DA:862,0
DA:864,0
DA:865,0
DA:870,4
LF:281
LH:6
BRDA:24,0,0,0
BRDA:24,0,1,0
BRDA:33,1,0,0
BRDA:33,1,1,0
BRDA:47,2,0,0
BRDA:47,2,1,0
BRDA:48,3,0,0
BRDA:48,3,1,0
BRDA:49,4,0,0
BRDA:49,4,1,0
BRDA:72,5,0,0
BRDA:72,5,1,0
BRDA:81,6,0,0
BRDA:81,6,1,0
BRDA:90,7,0,0
BRDA:90,7,1,0
BRDA:105,8,0,0
BRDA:105,8,1,0
BRDA:112,9,0,0
BRDA:112,9,1,0
BRDA:115,10,0,0
BRDA:115,10,1,0
BRDA:125,11,0,0
BRDA:125,11,1,0
BRDA:145,12,0,0
BRDA:145,12,1,0
BRDA:145,13,0,0
BRDA:145,13,1,0
BRDA:164,14,0,0
BRDA:164,14,1,0
BRDA:168,15,0,0
BRDA:168,15,1,0
BRDA:171,16,0,0
BRDA:171,16,1,0
BRDA:191,17,0,0
BRDA:191,17,1,0
BRDA:191,18,0,0
BRDA:191,18,1,0
BRDA:206,19,0,0
BRDA:206,19,1,0
BRDA:210,20,0,0
BRDA:210,20,1,0
BRDA:213,21,0,0
BRDA:213,21,1,0
BRDA:230,22,0,0
BRDA:230,22,1,0
BRDA:230,23,0,0
BRDA:230,23,1,0
BRDA:248,24,0,0
BRDA:248,24,1,0
BRDA:257,25,0,0
BRDA:257,25,1,0
BRDA:262,26,0,0
BRDA:262,26,1,0
BRDA:263,27,0,0
BRDA:263,27,1,0
BRDA:268,28,0,0
BRDA:268,28,1,0
BRDA:272,29,0,0
BRDA:272,29,1,0
BRDA:277,30,0,0
BRDA:277,30,1,0
BRDA:296,31,0,0
BRDA:296,31,1,0
BRDA:296,32,0,0
BRDA:296,32,1,0
BRDA:337,33,0,0
BRDA:337,33,1,0
BRDA:354,34,0,0
BRDA:354,34,1,0
BRDA:354,35,0,0
BRDA:354,35,1,0
BRDA:354,35,2,0
BRDA:354,35,3,0
BRDA:359,36,0,0
BRDA:359,36,1,0
BRDA:359,37,0,0
BRDA:359,37,1,0
BRDA:364,38,0,0
BRDA:364,38,1,0
BRDA:364,38,2,0
BRDA:364,38,3,0
BRDA:366,39,0,0
BRDA:366,39,1,0
BRDA:366,40,0,0
BRDA:366,40,1,0
BRDA:369,41,0,0
BRDA:369,41,1,0
BRDA:370,42,0,0
BRDA:370,42,1,0
BRDA:370,43,0,0
BRDA:370,43,1,0
BRDA:376,44,0,0
BRDA:376,44,1,0
BRDA:376,45,0,0
BRDA:376,45,1,0
BRDA:385,46,0,0
BRDA:385,46,1,0
BRDA:385,47,0,0
BRDA:385,47,1,0
BRDA:385,47,2,0
BRDA:391,48,0,0
BRDA:391,48,1,0
BRDA:397,49,0,0
BRDA:397,49,1,0
BRDA:400,50,0,0
BRDA:400,50,1,0
BRDA:402,51,0,0
BRDA:402,51,1,0
BRDA:409,52,0,0
BRDA:409,52,1,0
BRDA:409,53,0,0
BRDA:409,53,1,0
BRDA:415,54,0,0
BRDA:415,54,1,0
BRDA:415,55,0,0
BRDA:415,55,1,0
BRDA:425,56,0,0
BRDA:425,56,1,0
BRDA:425,57,0,0
BRDA:425,57,1,0
BRDA:425,57,2,0
BRDA:435,58,0,0
BRDA:435,58,1,0
BRDA:451,59,0,0
BRDA:451,59,1,0
BRDA:474,60,0,0
BRDA:474,60,1,0
BRDA:478,61,0,0
BRDA:478,61,1,0
BRDA:486,62,0,0
BRDA:486,62,1,0
BRDA:486,63,0,0
BRDA:486,63,1,0
BRDA:488,64,0,0
BRDA:488,64,1,0
BRDA:488,65,0,0
BRDA:488,65,1,0
BRDA:495,66,0,0
BRDA:495,66,1,0
BRDA:495,67,0,0
BRDA:495,67,1,0
BRDA:513,68,0,0
BRDA:513,68,1,0
BRDA:527,69,0,0
BRDA:527,69,1,0
BRDA:528,70,0,0
BRDA:528,70,1,0
BRDA:539,71,0,0
BRDA:539,71,1,0
BRDA:539,72,0,0
BRDA:539,72,1,0
BRDA:550,73,0,0
BRDA:557,74,0,0
BRDA:557,74,1,0
BRDA:561,75,0,0
BRDA:561,75,1,0
BRDA:562,76,0,0
BRDA:562,76,1,0
BRDA:572,77,0,0
BRDA:572,77,1,0
BRDA:572,78,0,0
BRDA:572,78,1,0
BRDA:583,79,0,0
BRDA:583,79,1,0
BRDA:596,80,0,0
BRDA:596,80,1,0
BRDA:600,81,0,0
BRDA:600,81,1,0
BRDA:614,82,0,0
BRDA:614,82,1,0
BRDA:614,83,0,0
BRDA:614,83,1,0
BRDA:614,83,2,0
BRDA:620,84,0,0
BRDA:620,84,1,0
BRDA:621,85,0,0
BRDA:621,85,1,0
BRDA:622,86,0,0
BRDA:622,86,1,0
BRDA:634,87,0,0
BRDA:634,87,1,0
BRDA:654,88,0,0
BRDA:654,88,1,0
BRDA:662,89,0,0
BRDA:662,89,1,0
BRDA:662,90,0,0
BRDA:662,90,1,0
BRDA:666,91,0,0
BRDA:666,91,1,0
BRDA:667,92,0,0
BRDA:667,92,1,0
BRDA:678,93,0,0
BRDA:678,93,1,0
BRDA:678,94,0,0
BRDA:678,94,1,0
BRDA:685,95,0,0
BRDA:685,95,1,0
BRDA:685,96,0,0
BRDA:685,96,1,0
BRDA:704,97,0,0
BRDA:704,97,1,0
BRDA:718,98,0,0
BRDA:718,98,1,0
BRDA:729,99,0,0
BRDA:729,99,1,0
BRDA:729,100,0,0
BRDA:729,100,1,0
BRDA:744,101,0,0
BRDA:744,101,1,0
BRDA:744,102,0,0
BRDA:744,102,1,0
BRDA:748,103,0,0
BRDA:748,103,1,0
BRDA:760,104,0,0
BRDA:760,104,1,0
BRDA:760,105,0,0
BRDA:760,105,1,0
BRDA:779,106,0,0
BRDA:779,106,1,0
BRDA:783,107,0,0
BRDA:783,107,1,0
BRDA:804,108,0,0
BRDA:804,108,1,0
BRDA:811,109,0,0
BRDA:811,109,1,0
BRDA:826,110,0,0
BRDA:826,110,1,0
BRDA:830,111,0,0
BRDA:830,111,1,0
BRDA:861,112,0,0
BRDA:861,112,1,0
BRF:232
BRH:0
end_of_record
TN:
SF:src/modules/database/database.validation.ts
FNF:0
FNH:0
DA:1,4
DA:4,4
DA:26,4
DA:36,4
DA:42,4
DA:45,4
DA:48,4
DA:57,4
DA:60,4
DA:63,4
LF:10
LH:10
BRF:0
BRH:0
end_of_record
TN:
SF:src/modules/datasets/dataset.controller.ts
FN:7,(anonymous_0)
FN:36,(anonymous_1)
FN:62,(anonymous_2)
FN:88,(anonymous_3)
FN:103,(anonymous_4)
FN:118,(anonymous_5)
FN:133,(anonymous_6)
FN:148,(anonymous_7)
FN:163,(anonymous_8)
FN:179,(anonymous_9)
FN:208,(anonymous_10)
FNF:11
FNH:0
FNDA:0,(anonymous_0)
FNDA:0,(anonymous_1)
FNDA:0,(anonymous_2)
FNDA:0,(anonymous_3)
FNDA:0,(anonymous_4)
FNDA:0,(anonymous_5)
FNDA:0,(anonymous_6)
FNDA:0,(anonymous_7)
FNDA:0,(anonymous_8)
FNDA:0,(anonymous_9)
FNDA:0,(anonymous_10)
DA:2,4
DA:8,0
DA:9,0
DA:10,0
DA:11,0
DA:18,0
DA:21,0
DA:26,0
DA:31,0
DA:37,0
DA:38,0
DA:39,0
DA:40,0
DA:47,0
DA:50,0
DA:52,0
DA:57,0
DA:63,0
DA:64,0
DA:65,0
DA:67,0
DA:68,0
DA:75,0
DA:78,0
DA:83,0
DA:89,0
DA:90,0
DA:91,0
DA:93,0
DA:98,0
DA:104,0
DA:105,0
DA:106,0
DA:108,0
DA:113,0
DA:119,0
DA:120,0
DA:121,0
DA:123,0
DA:128,0
DA:134,0
DA:135,0
DA:136,0
DA:138,0
DA:143,0
DA:149,0
DA:150,0
DA:151,0
DA:153,0
DA:158,0
DA:164,0
DA:165,0
DA:166,0
DA:167,0
DA:169,0
DA:174,0
DA:180,0
DA:181,0
DA:182,0
DA:183,0
DA:185,0
DA:186,0
DA:193,0
DA:196,0
DA:198,0
DA:203,0
DA:209,0
DA:210,0
DA:211,0
DA:213,0
DA:218,0
DA:223,4
LF:72
LH:2
BRDA:10,0,0,0
BRDA:10,0,1,0
BRDA:10,1,0,0
BRDA:10,1,1,0
BRDA:39,2,0,0
BRDA:39,2,1,0
BRDA:39,3,0,0
BRDA:39,3,1,0
BRDA:67,4,0,0
BRDA:67,4,1,0
BRDA:185,5,0,0
BRDA:185,5,1,0
BRDA:185,6,0,0
BRDA:185,6,1,0
BRF:14
BRH:0
end_of_record
TN:
SF:src/modules/datasets/dataset.routes.ts
FNF:0
FNH:0
DA:1,4
DA:2,4
DA:3,4
DA:4,4
DA:5,4
DA:13,4
DA:16,4
DA:19,4
DA:20,4
DA:21,4
DA:22,4
DA:23,4
DA:26,4
DA:27,4
DA:28,4
DA:29,4
DA:32,4
DA:35,4
DA:37,4
LF:19
LH:19
BRF:0
BRH:0
end_of_record
TN:
SF:src/modules/datasets/dataset.service.ts
FN:22,(anonymous_0)
FN:38,(anonymous_1)
FN:63,(anonymous_2)
FN:81,(anonymous_3)
FN:88,(anonymous_4)
FN:96,(anonymous_5)
FN:135,(anonymous_6)
FN:158,(anonymous_7)
FN:169,(anonymous_8)
FN:199,(anonymous_9)
FN:210,(anonymous_10)
FN:240,(anonymous_11)
FN:251,(anonymous_12)
FN:271,(anonymous_13)
FN:282,(anonymous_14)
FN:292,(anonymous_15)
FN:315,(anonymous_16)
FN:335,(anonymous_17)
FN:346,(anonymous_18)
FN:352,(anonymous_19)
FN:369,(anonymous_20)
FN:391,(anonymous_21)
FN:410,(anonymous_22)
FN:456,(anonymous_23)
FN:459,(anonymous_24)
FN:485,(anonymous_25)
FN:506,(anonymous_26)
FN:570,(anonymous_27)
FNF:28
FNH:0
FNDA:0,(anonymous_0)
FNDA:0,(anonymous_1)
FNDA:0,(anonymous_2)
FNDA:0,(anonymous_3)
FNDA:0,(anonymous_4)
FNDA:0,(anonymous_5)
FNDA:0,(anonymous_6)
FNDA:0,(anonymous_7)
FNDA:0,(anonymous_8)
FNDA:0,(anonymous_9)
FNDA:0,(anonymous_10)
FNDA:0,(anonymous_11)
FNDA:0,(anonymous_12)
FNDA:0,(anonymous_13)
FNDA:0,(anonymous_14)
FNDA:0,(anonymous_15)
FNDA:0,(anonymous_16)
FNDA:0,(anonymous_17)
FNDA:0,(anonymous_18)
FNDA:0,(anonymous_19)
FNDA:0,(anonymous_20)
FNDA:0,(anonymous_21)
FNDA:0,(anonymous_22)
FNDA:0,(anonymous_23)
FNDA:0,(anonymous_24)
FNDA:0,(anonymous_25)
FNDA:0,(anonymous_26)
FNDA:0,(anonymous_27)
DA:1,4
DA:2,4
DA:16,4
DA:17,4
DA:18,4
DA:23,0
DA:39,0
DA:40,0
DA:55,0
DA:57,0
DA:58,0
DA:64,0
DA:65,0
DA:69,0
DA:70,0
DA:73,0
DA:75,0
DA:76,0
DA:82,0
DA:83,0
DA:88,0
DA:90,0
DA:91,0
DA:97,0
DA:98,0
DA:102,0
DA:103,0
DA:106,0
DA:108,0
DA:124,0
DA:126,0
DA:127,0
DA:129,0
DA:130,0
DA:136,0
DA:137,0
DA:141,0
DA:142,0
DA:145,0
DA:149,0
DA:150,0
DA:152,0
DA:153,0
DA:159,0
DA:160,0
DA:164,0
DA:165,0
DA:168,0
DA:169,0
DA:171,0
DA:179,0
DA:181,0
DA:188,0
DA:190,0
DA:191,0
DA:193,0
DA:194,0
DA:200,0
DA:201,0
DA:205,0
DA:206,0
DA:209,0
DA:210,0
DA:212,0
DA:213,0
DA:216,0
DA:222,0
DA:229,0
DA:231,0
DA:232,0
DA:234,0
DA:235,0
DA:241,0
DA:242,0
DA:246,0
DA:247,0
DA:250,0
DA:251,0
DA:253,0
DA:260,0
DA:262,0
DA:263,0
DA:265,0
DA:266,0
DA:272,0
DA:273,0
DA:277,0
DA:278,0
DA:281,0
DA:282,0
DA:285,0
DA:286,0
DA:287,0
DA:292,0
DA:297,0
DA:304,0
DA:306,0
DA:307,0
DA:309,0
DA:310,0
DA:317,0
DA:318,0
DA:322,0
DA:323,0
DA:327,0
DA:328,0
DA:331,0
DA:336,0
DA:338,0
DA:344,0
DA:345,0
DA:346,0
DA:350,0
DA:351,0
DA:352,0
DA:358,0
DA:363,0
DA:364,0
DA:370,0
DA:371,0
DA:376,0
DA:377,0
DA:380,0
DA:381,0
DA:387,0
DA:390,0
DA:391,0
DA:392,0
DA:393,0
DA:394,0
DA:395,0
DA:398,0
DA:402,0
DA:404,0
DA:405,0
DA:411,0
DA:412,0
DA:417,0
DA:419,0
DA:420,0
DA:424,0
DA:426,0
DA:427,0
DA:428,0
DA:430,0
DA:431,0
DA:434,0
DA:435,0
DA:436,0
DA:437,0
DA:443,0
DA:444,0
DA:446,0
DA:447,0
DA:449,0
DA:450,0
DA:451,0
DA:453,0
DA:454,0
DA:456,0
DA:457,0
DA:459,0
DA:460,0
DA:462,0
DA:463,0
DA:465,0
DA:466,0
DA:470,0
DA:473,0
DA:479,0
DA:480,0
DA:486,0
DA:487,0
DA:492,0
DA:494,0
DA:500,0
DA:501,0
DA:507,0
DA:508,0
DA:510,0
DA:511,0
DA:515,0
DA:516,0
DA:517,0
DA:521,0
DA:523,0
DA:524,0
DA:525,0
DA:527,0
DA:528,0
DA:531,0
DA:532,0
DA:535,0
DA:536,0
DA:539,0
DA:540,0
DA:544,0
DA:545,0
DA:548,0
DA:551,0
DA:552,0
DA:556,0
DA:561,0
DA:562,0
DA:564,0
DA:565,0
DA:571,0
DA:572,0
DA:576,0
DA:577,0
DA:580,0
DA:587,0
DA:589,0
DA:590,0
DA:592,0
DA:593,0
DA:598,4
LF:217
LH:6
BRDA:26,0,0,0
BRDA:26,0,1,0
BRDA:27,1,0,0
BRDA:27,1,1,0
BRDA:28,2,0,0
BRDA:28,2,1,0
BRDA:29,3,0,0
BRDA:29,3,1,0
BRDA:47,4,0,0
BRDA:47,4,1,0
BRDA:48,5,0,0
BRDA:48,5,1,0
BRDA:69,6,0,0
BRDA:69,6,1,0
BRDA:102,7,0,0
BRDA:102,7,1,0
BRDA:106,8,0,0
BRDA:106,8,1,0
BRDA:111,9,0,0
BRDA:111,9,1,0
BRDA:112,10,0,0
BRDA:112,10,1,0
BRDA:113,11,0,0
BRDA:113,11,1,0
BRDA:114,12,0,0
BRDA:114,12,1,0
BRDA:115,13,0,0
BRDA:115,13,1,0
BRDA:117,14,0,0
BRDA:117,14,1,0
BRDA:117,14,2,0
BRDA:118,15,0,0
BRDA:118,15,1,0
BRDA:118,15,2,0
BRDA:126,16,0,0
BRDA:126,16,1,0
BRDA:141,17,0,0
BRDA:141,17,1,0
BRDA:149,18,0,0
BRDA:149,18,1,0
BRDA:164,19,0,0
BRDA:164,19,1,0
BRDA:168,20,0,0
BRDA:168,20,1,0
BRDA:169,21,0,0
BRDA:169,21,1,0
BRDA:190,22,0,0
BRDA:190,22,1,0
BRDA:205,23,0,0
BRDA:205,23,1,0
BRDA:209,24,0,0
BRDA:209,24,1,0
BRDA:212,25,0,0
BRDA:212,25,1,0
BRDA:218,26,0,0
BRDA:218,26,1,0
BRDA:219,27,0,0
BRDA:219,27,1,0
BRDA:231,28,0,0
BRDA:231,28,1,0
BRDA:246,29,0,0
BRDA:246,29,1,0
BRDA:250,30,0,0
BRDA:250,30,1,0
BRDA:262,31,0,0
BRDA:262,31,1,0
BRDA:277,32,0,0
BRDA:277,32,1,0
BRDA:281,33,0,0
BRDA:281,33,1,0
BRDA:286,34,0,0
BRDA:286,34,1,0
BRDA:306,35,0,0
BRDA:306,35,1,0
BRDA:306,36,0,0
BRDA:306,36,1,0
BRDA:317,37,0,0
BRDA:317,37,1,0
BRDA:317,38,0,0
BRDA:317,38,1,0
BRDA:322,39,0,0
BRDA:322,39,1,0
BRDA:322,40,0,0
BRDA:322,40,1,0
BRDA:327,41,0,0
BRDA:327,41,1,0
BRDA:327,42,0,0
BRDA:327,42,1,0
BRDA:327,42,2,0
BRDA:345,43,0,0
BRDA:345,43,1,0
BRDA:345,44,0,0
BRDA:345,44,1,0
BRDA:350,45,0,0
BRDA:350,45,1,0
BRDA:351,46,0,0
BRDA:351,46,1,0
BRDA:360,47,0,0
BRDA:360,47,1,0
BRDA:364,48,0,0
BRDA:364,48,1,0
BRDA:376,49,0,0
BRDA:376,49,1,0
BRDA:380,50,0,0
BRDA:380,50,1,0
BRDA:390,51,0,0
BRDA:390,51,1,0
BRDA:390,52,0,0
BRDA:390,52,1,0
BRDA:394,53,0,0
BRDA:394,53,1,0
BRDA:419,54,0,0
BRDA:419,54,1,0
BRDA:419,55,0,0
BRDA:419,55,1,0
BRDA:427,56,0,0
BRDA:427,56,1,0
BRDA:430,57,0,0
BRDA:430,57,1,0
BRDA:434,58,0,0
BRDA:434,58,1,0
BRDA:434,59,0,0
BRDA:434,59,1,0
BRDA:435,60,0,0
BRDA:435,60,1,0
BRDA:436,61,0,0
BRDA:436,61,1,0
BRDA:450,62,0,0
BRDA:450,62,1,0
BRDA:451,63,0,0
BRDA:451,63,1,0
BRDA:451,63,2,0
BRDA:451,63,3,0
BRDA:451,63,4,0
BRDA:451,64,0,0
BRDA:451,64,1,0
BRDA:489,65,0,0
BRDA:489,65,1,0
BRDA:497,66,0,0
BRDA:497,66,1,0
BRDA:501,67,0,0
BRDA:501,67,1,0
BRDA:510,68,0,0
BRDA:510,68,1,0
BRDA:516,69,0,0
BRDA:516,69,1,0
BRDA:525,70,0,0
BRDA:525,70,1,0
BRDA:525,70,2,0
BRDA:525,70,3,0
BRDA:525,70,4,0
BRDA:525,70,5,0
BRDA:544,71,0,0
BRDA:544,71,1,0
BRDA:561,72,0,0
BRDA:561,72,1,0
BRDA:561,73,0,0
BRDA:561,73,1,0
BRDA:576,74,0,0
BRDA:576,74,1,0
BRDA:589,75,0,0
BRDA:589,75,1,0
BRF:162
BRH:0
end_of_record
TN:
SF:src/modules/datasets/dataset.validation.ts
FNF:0
FNH:0
DA:1,4
DA:4,4
DA:17,4
DA:31,4
DA:38,4
DA:44,4
LF:6
LH:6
BRF:0
BRH:0
end_of_record
TN:
SF:src/modules/execution/execution.controller.ts
FN:7,(anonymous_0)
FN:24,(anonymous_1)
FN:36,(anonymous_2)
FN:49,(anonymous_3)
FN:64,(anonymous_4)
FN:80,(anonymous_5)
FN:92,(anonymous_6)
FNF:7
FNH:0
FNDA:0,(anonymous_0)
FNDA:0,(anonymous_1)
FNDA:0,(anonymous_2)
FNDA:0,(anonymous_3)
FNDA:0,(anonymous_4)
FNDA:0,(anonymous_5)
FNDA:0,(anonymous_6)
DA:2,4
DA:3,4
DA:8,0
DA:9,0
DA:10,0
DA:17,0
DA:19,0
DA:25,0
DA:26,0
DA:27,0
DA:28,0
DA:29,0
DA:31,0
DA:37,0
DA:38,0
DA:39,0
DA:40,0
DA:41,0
DA:42,0
DA:44,0
DA:50,0
DA:51,0
DA:52,0
DA:53,0
DA:57,0
DA:59,0
DA:65,0
DA:66,0
DA:67,0
DA:68,0
DA:73,0
DA:75,0
DA:81,0
DA:82,0
DA:83,0
DA:84,0
DA:85,0
DA:87,0
DA:93,0
DA:94,0
DA:95,0
DA:96,0
DA:98,0
DA:103,4
LF:44
LH:3
BRF:0
BRH:0
end_of_record
TN:
SF:src/modules/execution/execution.routes.ts
FN:11,(anonymous_0)
FN:12,(anonymous_1)
FN:13,(anonymous_2)
FN:14,(anonymous_3)
FN:17,(anonymous_4)
FN:18,(anonymous_5)
FN:19,(anonymous_6)
FNF:7
FNH:0
FNDA:0,(anonymous_0)
FNDA:0,(anonymous_1)
FNDA:0,(anonymous_2)
FNDA:0,(anonymous_3)
FNDA:0,(anonymous_4)
FNDA:0,(anonymous_5)
FNDA:0,(anonymous_6)
DA:1,4
DA:2,4
DA:3,4
DA:5,4
DA:8,4
DA:11,4
DA:12,4
DA:13,4
DA:14,4
DA:17,4
DA:18,4
DA:19,4
DA:21,4
LF:13
LH:13
BRF:0
BRH:0
end_of_record
TN:
SF:src/modules/execution/execution.service.ts
FN:15,(anonymous_0)
FN:71,(anonymous_1)
FN:118,(anonymous_2)
FN:179,(anonymous_3)
FN:216,(anonymous_4)
FN:222,(anonymous_5)
FN:279,(anonymous_6)
FN:298,(anonymous_7)
FN:343,(anonymous_8)
FN:358,(anonymous_9)
FN:394,(anonymous_10)
FN:400,(anonymous_11)
FN:422,(anonymous_12)
FN:422,(anonymous_13)
FN:425,(anonymous_14)
FN:430,(anonymous_15)
FN:463,(anonymous_16)
FN:490,(anonymous_17)
FNF:18
FNH:0
FNDA:0,(anonymous_0)
FNDA:0,(anonymous_1)
FNDA:0,(anonymous_2)
FNDA:0,(anonymous_3)
FNDA:0,(anonymous_4)
FNDA:0,(anonymous_5)
FNDA:0,(anonymous_6)
FNDA:0,(anonymous_7)
FNDA:0,(anonymous_8)
FNDA:0,(anonymous_9)
FNDA:0,(anonymous_10)
FNDA:0,(anonymous_11)
FNDA:0,(anonymous_12)
FNDA:0,(anonymous_13)
FNDA:0,(anonymous_14)
FNDA:0,(anonymous_15)
FNDA:0,(anonymous_16)
FNDA:0,(anonymous_17)
DA:1,4
DA:2,4
DA:17,0
DA:21,0
DA:22,0
DA:26,0
DA:27,0
DA:31,0
DA:32,0
DA:36,0
DA:65,0
DA:72,0
DA:100,0
DA:101,0
DA:105,0
DA:106,0
DA:107,0
DA:108,0
DA:112,0
DA:123,0
DA:131,0
DA:132,0
DA:136,0
DA:137,0
DA:141,0
DA:169,0
DA:170,0
DA:173,0
DA:183,0
DA:187,0
DA:188,0
DA:191,0
DA:216,0
DA:224,0
DA:242,0
DA:243,0
DA:246,0
DA:247,0
DA:251,0
DA:279,0
DA:280,0
DA:282,0
DA:283,0
DA:292,0
DA:299,0
DA:336,0
DA:337,0
DA:342,0
DA:343,0
DA:345,0
DA:346,0
DA:347,0
DA:348,0
DA:352,0
DA:359,0
DA:394,0
DA:401,0
DA:418,0
DA:421,0
DA:422,0
DA:425,0
DA:427,0
DA:430,0
DA:432,0
DA:434,0
DA:442,0
DA:443,0
DA:452,0
DA:464,0
DA:469,0
DA:491,0
DA:496,0
DA:517,4
LF:73
LH:3
BRDA:21,0,0,0
BRDA:21,0,1,0
BRDA:26,1,0,0
BRDA:26,1,1,0
BRDA:31,2,0,0
BRDA:31,2,1,0
BRDA:43,3,0,0
BRDA:43,3,1,0
BRDA:100,4,0,0
BRDA:100,4,1,0
BRDA:105,5,0,0
BRDA:105,5,1,0
BRDA:107,6,0,0
BRDA:107,6,1,0
BRDA:107,7,0,0
BRDA:107,7,1,0
BRDA:107,7,2,0
BRDA:131,8,0,0
BRDA:131,8,1,0
BRDA:136,9,0,0
BRDA:136,9,1,0
BRDA:145,10,0,0
BRDA:145,10,1,0
BRDA:146,11,0,0
BRDA:146,11,1,0
BRDA:169,12,0,0
BRDA:169,12,1,0
BRDA:169,13,0,0
BRDA:169,13,1,0
BRDA:187,14,0,0
BRDA:187,14,1,0
BRDA:242,15,0,0
BRDA:242,15,1,0
BRDA:246,16,0,0
BRDA:246,16,1,0
BRDA:246,17,0,0
BRDA:246,17,1,0
BRDA:257,18,0,0
BRDA:257,18,1,0
BRDA:280,19,0,0
BRDA:280,19,1,0
BRDA:280,20,0,0
BRDA:280,20,1,0
BRDA:336,21,0,0
BRDA:336,21,1,0
BRDA:342,22,0,0
BRDA:342,22,1,0
BRDA:345,23,0,0
BRDA:345,23,1,0
BRDA:347,24,0,0
BRDA:347,24,1,0
BRDA:347,25,0,0
BRDA:347,25,1,0
BRDA:347,25,2,0
BRDA:418,26,0,0
BRDA:418,26,1,0
BRDA:422,27,0,0
BRDA:422,27,1,0
BRDA:427,28,0,0
BRDA:427,28,1,0
BRDA:432,29,0,0
BRDA:432,29,1,0
BRDA:464,30,0,0
BRDA:464,30,1,0
BRDA:465,31,0,0
BRDA:465,31,1,0
BRDA:465,32,0,0
BRDA:465,32,1,0
BRDA:465,33,0,0
BRDA:465,33,1,0
BRDA:474,34,0,0
BRDA:474,34,1,0
BRDA:491,35,0,0
BRDA:491,35,1,0
BRDA:492,36,0,0
BRDA:492,36,1,0
BRDA:492,37,0,0
BRDA:492,37,1,0
BRDA:492,38,0,0
BRDA:492,38,1,0
BRDA:501,39,0,0
BRDA:501,39,1,0
BRF:82
BRH:0
end_of_record
TN:
SF:src/modules/flows/flow.controller.ts
FN:5,(anonymous_0)
FN:7,(anonymous_1)
FN:45,(anonymous_2)
FN:64,(anonymous_3)
FN:85,(anonymous_4)
FN:96,(anonymous_5)
FN:107,(anonymous_6)
FN:118,(anonymous_7)
FN:130,(anonymous_8)
FN:141,(anonymous_9)
FN:152,(anonymous_10)
FN:163,(anonymous_11)
FN:175,(anonymous_12)
FN:186,(anonymous_13)
FN:197,(anonymous_14)
FN:209,(anonymous_15)
FN:221,(anonymous_16)
FN:232,(anonymous_17)
FN:243,(anonymous_18)
FN:254,(anonymous_19)
FNF:20
FNH:7
FNDA:4,(anonymous_0)
FNDA:7,(anonymous_1)
FNDA:4,(anonymous_2)
FNDA:0,(anonymous_3)
FNDA:0,(anonymous_4)
FNDA:0,(anonymous_5)
FNDA:4,(anonymous_6)
FNDA:0,(anonymous_7)
FNDA:10,(anonymous_8)
FNDA:0,(anonymous_9)
FNDA:0,(anonymous_10)
FNDA:1,(anonymous_11)
FNDA:7,(anonymous_12)
FNDA:0,(anonymous_13)
FNDA:0,(anonymous_14)
FNDA:0,(anonymous_15)
FNDA:0,(anonymous_16)
FNDA:0,(anonymous_17)
FNDA:0,(anonymous_18)
FNDA:0,(anonymous_19)
DA:2,4
DA:3,4
DA:7,4
DA:8,7
DA:9,7
DA:11,7
DA:12,0
DA:18,7
DA:19,7
DA:21,7
DA:22,0
DA:31,7
DA:38,7
DA:40,0
DA:45,4
DA:46,4
DA:47,4
DA:48,4
DA:50,4
DA:51,0
DA:57,4
DA:59,0
DA:64,4
DA:65,0
DA:66,0
DA:67,0
DA:69,0
DA:77,0
DA:78,0
DA:80,0
DA:85,4
DA:86,0
DA:87,0
DA:88,0
DA:89,0
DA:91,0
DA:96,4
DA:97,0
DA:98,0
DA:99,0
DA:100,0
DA:102,0
DA:107,4
DA:108,4
DA:109,4
DA:110,4
DA:111,4
DA:113,0
DA:118,4
DA:119,0
DA:120,0
DA:121,0
DA:122,0
DA:123,0
DA:125,0
DA:130,4
DA:131,10
DA:132,10
DA:133,10
DA:134,10
DA:136,0
DA:141,4
DA:142,0
DA:143,0
DA:144,0
DA:145,0
DA:147,0
DA:152,4
DA:153,0
DA:154,0
DA:155,0
DA:156,0
DA:158,0
DA:163,4
DA:164,1
DA:165,1
DA:166,1
DA:167,1
DA:168,1
DA:170,0
DA:175,4
DA:176,7
DA:177,7
DA:178,7
DA:179,6
DA:181,1
DA:186,4
DA:187,0
DA:188,0
DA:189,0
DA:190,0
DA:192,0
DA:197,4
DA:198,0
DA:199,0
DA:200,0
DA:201,0
DA:202,0
DA:204,0
DA:209,4
DA:210,0
DA:211,0
DA:212,0
DA:213,0
DA:214,0
DA:216,0
DA:221,4
DA:222,0
DA:223,0
DA:224,0
DA:225,0
DA:227,0
DA:232,4
DA:233,0
DA:234,0
DA:235,0
DA:236,0
DA:238,0
DA:243,4
DA:244,0
DA:245,0
DA:246,0
DA:247,0
DA:249,0
DA:254,4
DA:255,0
DA:256,0
DA:257,0
DA:258,0
DA:260,0
DA:265,4
LF:131
LH:53
BRDA:11,0,0,0
BRDA:11,0,1,7
BRDA:21,1,0,0
BRDA:21,1,1,7
BRDA:50,2,0,0
BRDA:50,2,1,4
BRDA:73,3,0,0
BRDA:73,3,1,0
BRDA:74,4,0,0
BRDA:74,4,1,0
BRF:10
BRH:3
end_of_record
TN:
SF:src/modules/flows/flow.routes.ts
FNF:0
FNH:0
DA:1,4
DA:2,4
DA:3,4
DA:4,4
DA:5,4
DA:19,4
DA:22,4
DA:25,4
DA:26,4
DA:27,4
DA:28,4
DA:29,4
DA:32,4
DA:33,4
DA:38,4
DA:39,4
DA:40,4
DA:41,4
DA:44,4
DA:45,4
DA:46,4
DA:49,4
DA:50,4
DA:53,4
DA:54,4
DA:55,4
DA:57,4
LF:27
LH:27
BRF:0
BRH:0
end_of_record
TN:
SF:src/modules/flows/flow.service.ts
FN:20,(anonymous_0)
FN:55,(anonymous_1)
FN:86,(anonymous_2)
FN:123,(anonymous_3)
FN:135,(anonymous_4)
FN:181,(anonymous_5)
FN:197,(anonymous_6)
FN:201,(anonymous_7)
FN:204,(anonymous_8)
FN:231,(anonymous_9)
FN:271,(anonymous_10)
FN:319,(anonymous_11)
FN:337,(anonymous_12)
FN:347,(anonymous_13)
FN:360,(anonymous_14)
FN:374,(anonymous_15)
FN:393,(anonymous_16)
FN:403,(anonymous_17)
FN:423,(anonymous_18)
FN:443,(anonymous_19)
FN:476,(anonymous_20)
FN:497,(anonymous_21)
FN:522,(anonymous_22)
FN:562,(anonymous_23)
FN:589,(anonymous_24)
FN:639,(anonymous_25)
FN:675,(anonymous_26)
FN:705,(anonymous_27)
FN:748,(anonymous_28)
FN:769,(anonymous_29)
FN:872,(anonymous_30)
FN:882,(anonymous_31)
FN:889,(anonymous_32)
FN:897,(anonymous_33)
FN:901,(anonymous_34)
FNF:35
FNH:14
FNDA:7,(anonymous_0)
FNDA:21,(anonymous_1)
FNDA:0,(anonymous_2)
FNDA:0,(anonymous_3)
FNDA:0,(anonymous_4)
FNDA:10,(anonymous_5)
FNDA:5,(anonymous_6)
FNDA:5,(anonymous_7)
FNDA:0,(anonymous_8)
FNDA:0,(anonymous_9)
FNDA:0,(anonymous_10)
FNDA:1,(anonymous_11)
FNDA:6,(anonymous_12)
FNDA:0,(anonymous_13)
FNDA:0,(anonymous_14)
FNDA:1,(anonymous_15)
FNDA:3,(anonymous_16)
FNDA:7,(anonymous_17)
FNDA:0,(anonymous_18)
FNDA:0,(anonymous_19)
FNDA:0,(anonymous_20)
FNDA:0,(anonymous_21)
FNDA:0,(anonymous_22)
FNDA:0,(anonymous_23)
FNDA:0,(anonymous_24)
FNDA:0,(anonymous_25)
FNDA:0,(anonymous_26)
FNDA:4,(anonymous_27)
FNDA:0,(anonymous_28)
FNDA:0,(anonymous_29)
FNDA:32,(anonymous_30)
FNDA:41,(anonymous_31)
FNDA:17,(anonymous_32)
FNDA:0,(anonymous_33)
FNDA:0,(anonymous_34)
DA:1,4
DA:2,4
DA:3,4
DA:21,7
DA:22,7
DA:47,7
DA:49,0
DA:50,0
DA:56,21
DA:57,21
DA:74,21
DA:75,0
DA:78,21
DA:80,0
DA:81,0
DA:87,0
DA:88,0
DA:89,0
DA:90,0
DA:92,0
DA:96,0
DA:97,0
DA:100,0
DA:101,0
DA:107,0
DA:122,0
DA:123,0
DA:129,0
DA:130,0
DA:136,0
DA:137,0
DA:141,0
DA:142,0
DA:146,0
DA:147,0
DA:150,0
DA:151,0
DA:152,0
DA:153,0
DA:155,0
DA:173,0
DA:175,0
DA:176,0
DA:182,10
DA:183,10
DA:188,10
DA:189,0
DA:192,10
DA:193,0
DA:197,10
DA:198,10
DA:201,10
DA:202,10
DA:204,0
DA:205,0
DA:206,0
DA:213,10
DA:223,10
DA:225,0
DA:226,0
DA:232,0
DA:233,0
DA:237,0
DA:238,0
DA:241,0
DA:242,0
DA:245,0
DA:249,0
DA:250,0
DA:253,0
DA:254,0
DA:255,0
DA:256,0
DA:258,0
DA:263,0
DA:265,0
DA:266,0
DA:272,0
DA:273,0
DA:277,0
DA:278,0
DA:281,0
DA:282,0
DA:285,0
DA:289,0
DA:290,0
DA:294,0
DA:299,0
DA:304,0
DA:305,0
DA:311,0
DA:313,0
DA:314,0
DA:320,1
DA:321,1
DA:326,1
DA:327,0
DA:330,1
DA:331,0
DA:335,1
DA:336,1
DA:337,6
DA:338,3
DA:339,0
DA:343,1
DA:344,0
DA:347,0
DA:350,0
DA:354,1
DA:355,0
DA:360,0
DA:362,0
DA:372,1
DA:374,1
DA:376,1
DA:377,3
DA:384,1
DA:385,3
DA:392,1
DA:393,3
DA:395,1
DA:397,0
DA:398,0
DA:404,7
DA:405,7
DA:410,7
DA:411,0
DA:414,7
DA:418,7
DA:419,1
DA:423,6
DA:424,6
DA:426,6
DA:435,6
DA:437,1
DA:438,1
DA:444,0
DA:445,0
DA:449,0
DA:450,0
DA:453,0
DA:457,0
DA:458,0
DA:461,0
DA:468,0
DA:470,0
DA:471,0
DA:477,0
DA:478,0
DA:483,0
DA:484,0
DA:487,0
DA:491,0
DA:492,0
DA:496,0
DA:497,0
DA:498,0
DA:499,0
DA:504,0
DA:505,0
DA:514,0
DA:516,0
DA:517,0
DA:523,0
DA:524,0
DA:528,0
DA:529,0
DA:533,0
DA:542,0
DA:544,0
DA:554,0
DA:556,0
DA:557,0
DA:563,0
DA:564,0
DA:568,0
DA:569,0
DA:572,0
DA:581,0
DA:583,0
DA:584,0
DA:590,0
DA:591,0
DA:595,0
DA:596,0
DA:599,0
DA:600,0
DA:604,0
DA:608,0
DA:612,0
DA:613,0
DA:616,0
DA:617,0
DA:620,0
DA:631,0
DA:633,0
DA:634,0
DA:640,0
DA:641,0
DA:645,0
DA:646,0
DA:649,0
DA:653,0
DA:654,0
DA:657,0
DA:658,0
DA:659,0
DA:660,0
DA:662,0
DA:667,0
DA:669,0
DA:670,0
DA:676,0
DA:677,0
DA:681,0
DA:682,0
DA:685,0
DA:689,0
DA:690,0
DA:693,0
DA:697,0
DA:699,0
DA:700,0
DA:706,4
DA:707,4
DA:711,4
DA:712,0
DA:715,4
DA:716,0
DA:719,4
DA:740,4
DA:742,0
DA:743,0
DA:749,0
DA:750,0
DA:754,0
DA:755,0
DA:758,0
DA:763,0
DA:764,0
DA:770,0
DA:771,0
DA:784,0
DA:785,0
DA:789,0
DA:790,0
DA:791,0
DA:794,0
DA:807,0
DA:808,0
DA:819,0
DA:820,0
DA:832,0
DA:833,0
DA:837,0
DA:842,0
DA:843,0
DA:846,0
DA:847,0
DA:848,0
DA:850,0
DA:851,0
DA:864,0
DA:866,0
DA:867,0
DA:873,32
DA:882,41
DA:889,17
DA:897,0
DA:901,0
DA:919,4
LF:271
LH:61
BRDA:25,0,0,7
BRDA:25,0,1,2
BRDA:74,1,0,0
BRDA:74,1,1,21
BRDA:88,2,0,0
BRDA:88,2,1,0
BRDA:89,3,0,0
BRDA:89,3,1,0
BRDA:96,4,0,0
BRDA:96,4,1,0
BRDA:100,5,0,0
BRDA:100,5,1,0
BRDA:141,6,0,0
BRDA:141,6,1,0
BRDA:146,7,0,0
BRDA:146,7,1,0
BRDA:151,8,0,0
BRDA:151,8,1,0
BRDA:152,9,0,0
BRDA:152,9,1,0
BRDA:153,10,0,0
BRDA:153,10,1,0
BRDA:188,11,0,0
BRDA:188,11,1,10
BRDA:192,12,0,0
BRDA:192,12,1,10
BRDA:197,13,0,4
BRDA:197,13,1,6
BRDA:198,14,0,0
BRDA:198,14,1,10
BRDA:202,15,0,0
BRDA:202,15,1,10
BRDA:216,16,0,10
BRDA:216,16,1,6
BRDA:219,17,0,10
BRDA:219,17,1,10
BRDA:237,18,0,0
BRDA:237,18,1,0
BRDA:241,19,0,0
BRDA:241,19,1,0
BRDA:249,20,0,0
BRDA:249,20,1,0
BRDA:249,21,0,0
BRDA:249,21,1,0
BRDA:254,22,0,0
BRDA:254,22,1,0
BRDA:255,23,0,0
BRDA:255,23,1,0
BRDA:256,24,0,0
BRDA:256,24,1,0
BRDA:277,25,0,0
BRDA:277,25,1,0
BRDA:281,26,0,0
BRDA:281,26,1,0
BRDA:289,27,0,0
BRDA:289,27,1,0
BRDA:289,28,0,0
BRDA:289,28,1,0
BRDA:326,29,0,0
BRDA:326,29,1,1
BRDA:330,30,0,0
BRDA:330,30,1,1
BRDA:338,31,0,0
BRDA:338,31,1,3
BRDA:343,32,0,0
BRDA:343,32,1,1
BRDA:354,33,0,0
BRDA:354,33,1,1
BRDA:410,34,0,0
BRDA:410,34,1,7
BRDA:410,35,0,7
BRDA:410,35,1,7
BRDA:418,36,0,1
BRDA:418,36,1,6
BRDA:423,37,0,0
BRDA:423,37,1,6
BRDA:424,38,0,0
BRDA:424,38,1,6
BRDA:431,39,0,6
BRDA:431,39,1,6
BRDA:449,40,0,0
BRDA:449,40,1,0
BRDA:449,41,0,0
BRDA:449,41,1,0
BRDA:457,42,0,0
BRDA:457,42,1,0
BRDA:483,43,0,0
BRDA:483,43,1,0
BRDA:483,44,0,0
BRDA:483,44,1,0
BRDA:491,45,0,0
BRDA:491,45,1,0
BRDA:498,46,0,0
BRDA:498,46,1,0
BRDA:528,47,0,0
BRDA:528,47,1,0
BRDA:528,48,0,0
BRDA:528,48,1,0
BRDA:542,49,0,0
BRDA:542,49,1,0
BRDA:568,50,0,0
BRDA:568,50,1,0
BRDA:568,51,0,0
BRDA:568,51,1,0
BRDA:595,52,0,0
BRDA:595,52,1,0
BRDA:599,53,0,0
BRDA:599,53,1,0
BRDA:612,54,0,0
BRDA:612,54,1,0
BRDA:612,55,0,0
BRDA:612,55,1,0
BRDA:616,56,0,0
BRDA:616,56,1,0
BRDA:616,57,0,0
BRDA:616,57,1,0
BRDA:626,58,0,0
BRDA:626,58,1,0
BRDA:645,59,0,0
BRDA:645,59,1,0
BRDA:645,60,0,0
BRDA:645,60,1,0
BRDA:653,61,0,0
BRDA:653,61,1,0
BRDA:658,62,0,0
BRDA:658,62,1,0
BRDA:659,63,0,0
BRDA:659,63,1,0
BRDA:660,64,0,0
BRDA:660,64,1,0
BRDA:681,65,0,0
BRDA:681,65,1,0
BRDA:681,66,0,0
BRDA:681,66,1,0
BRDA:689,67,0,0
BRDA:689,67,1,0
BRDA:711,68,0,0
BRDA:711,68,1,4
BRDA:715,69,0,0
BRDA:715,69,1,4
BRDA:754,70,0,0
BRDA:754,70,1,0
BRDA:784,71,0,0
BRDA:784,71,1,0
BRDA:790,72,0,0
BRDA:790,72,1,0
BRDA:850,73,0,0
BRDA:850,73,1,0
BRDA:850,74,0,0
BRDA:850,74,1,0
BRDA:876,75,0,32
BRDA:876,75,1,9
BRDA:879,76,0,32
BRDA:879,76,1,0
BRDA:882,77,0,32
BRDA:882,77,1,0
BRDA:885,78,0,41
BRDA:885,78,1,25
BRDA:888,79,0,41
BRDA:888,79,1,0
BRDA:889,80,0,41
BRDA:889,80,1,0
BRDA:894,81,0,17
BRDA:894,81,1,0
BRDA:897,82,0,41
BRDA:897,82,1,41
BRDA:901,83,0,32
BRDA:901,83,1,0
BRDA:906,84,0,0
BRDA:906,84,1,0
BRDA:914,85,0,32
BRDA:914,85,1,26
BRF:172
BRH:43
end_of_record
TN:
SF:src/modules/flows/flow.validation.ts
FNF:0
FNH:0
DA:1,4
DA:5,4
DA:11,4
DA:18,4
DA:26,4
DA:33,4
DA:38,4
DA:47,4
DA:54,4
DA:61,4
DA:66,4
DA:71,4
LF:12
LH:12
BRF:0
BRH:0
end_of_record
TN:
SF:src/modules/integrations/integration.controller.ts
FN:6,(anonymous_0)
FN:8,(anonymous_1)
FN:37,(anonymous_2)
FN:55,(anonymous_3)
FN:74,(anonymous_4)
FN:85,(anonymous_5)
FN:96,(anonymous_6)
FN:110,(anonymous_7)
FNF:8
FNH:1
FNDA:4,(anonymous_0)
FNDA:0,(anonymous_1)
FNDA:0,(anonymous_2)
FNDA:0,(anonymous_3)
FNDA:0,(anonymous_4)
FNDA:0,(anonymous_5)
FNDA:0,(anonymous_6)
FNDA:0,(anonymous_7)
DA:2,4
DA:3,4
DA:4,4
DA:8,4
DA:9,0
DA:10,0
DA:11,0
DA:12,0
DA:19,0
DA:22,0
DA:30,0
DA:32,0
DA:37,4
DA:38,0
DA:39,0
DA:40,0
DA:41,0
DA:47,0
DA:48,0
DA:50,0
DA:55,4
DA:56,0
DA:57,0
DA:58,0
DA:60,0
DA:61,0
DA:67,0
DA:69,0
DA:74,4
DA:75,0
DA:76,0
DA:77,0
DA:78,0
DA:80,0
DA:85,4
DA:86,0
DA:87,0
DA:88,0
DA:89,0
DA:91,0
DA:96,4
DA:97,0
DA:98,0
DA:99,0
DA:101,0
DA:103,0
DA:105,0
DA:110,4
DA:111,0
DA:112,0
DA:113,0
DA:114,0
DA:115,0
DA:117,0
DA:122,4
LF:55
LH:11
BRDA:11,0,0,0
BRDA:11,0,1,0
BRDA:11,1,0,0
BRDA:11,1,1,0
BRDA:19,2,0,0
BRDA:19,2,1,0
BRDA:20,3,0,0
BRDA:20,3,1,0
BRDA:25,4,0,0
BRDA:25,4,1,0
BRDA:40,5,0,0
BRDA:40,5,1,0
BRDA:40,6,0,0
BRDA:40,6,1,0
BRDA:60,7,0,0
BRDA:60,7,1,0
BRF:16
BRH:0
end_of_record
TN:
SF:src/modules/integrations/integration.routes.ts
FN:10,(anonymous_0)
FNF:1
FNH:0
FNDA:0,(anonymous_0)
DA:1,4
DA:2,4
DA:3,4
DA:4,4
DA:5,4
DA:7,4
DA:10,4
DA:11,4
DA:14,4
DA:17,4
DA:18,4
DA:19,4
DA:20,4
DA:23,4
DA:24,4
DA:26,4
LF:16
LH:16
BRF:0
BRH:0
end_of_record
TN:
SF:src/modules/integrations/integration.service.ts
FN:12,(anonymous_0)
FN:21,(anonymous_1)
FN:28,(anonymous_2)
FN:39,(anonymous_3)
FN:100,(anonymous_4)
FN:131,(anonymous_5)
FN:166,(anonymous_6)
FN:180,(anonymous_7)
FN:187,(anonymous_8)
FN:191,(anonymous_9)
FN:215,(anonymous_10)
FN:241,(anonymous_11)
FNF:12
FNH:0
FNDA:0,(anonymous_0)
FNDA:0,(anonymous_1)
FNDA:0,(anonymous_2)
FNDA:0,(anonymous_3)
FNDA:0,(anonymous_4)
FNDA:0,(anonymous_5)
FNDA:0,(anonymous_6)
FNDA:0,(anonymous_7)
FNDA:0,(anonymous_8)
FNDA:0,(anonymous_9)
FNDA:0,(anonymous_10)
FNDA:0,(anonymous_11)
DA:1,4
DA:2,4
DA:9,4
DA:13,0
DA:21,0
DA:29,0
DA:46,0
DA:47,0
DA:48,0
DA:51,0
DA:54,0
DA:55,0
DA:58,0
DA:72,0
DA:73,0
DA:74,0
DA:77,0
DA:87,0
DA:93,0
DA:109,0
DA:113,0
DA:114,0
DA:117,0
DA:127,0
DA:132,0
DA:139,0
DA:140,0
DA:149,0
DA:158,0
DA:167,0
DA:172,0
DA:173,0
DA:176,0
DA:181,0
DA:187,0
DA:192,0
DA:197,0
DA:198,0
DA:202,0
DA:203,0
DA:209,0
DA:220,0
DA:225,0
DA:226,0
DA:229,0
DA:230,0
DA:238,0
DA:239,0
DA:241,0
DA:242,0
DA:245,0
DA:246,0
DA:254,0
DA:265,4
LF:54
LH:4
BRDA:18,0,0,0
BRDA:18,0,1,0
BRDA:21,1,0,0
BRDA:21,1,1,0
BRDA:21,2,0,0
BRDA:21,2,1,0
BRDA:21,2,2,0
BRDA:24,3,0,0
BRDA:24,3,1,0
BRDA:32,4,0,0
BRDA:32,4,1,0
BRDA:33,5,0,0
BRDA:33,5,1,0
BRDA:47,6,0,0
BRDA:47,6,1,0
BRDA:54,7,0,0
BRDA:54,7,1,0
BRDA:63,8,0,0
BRDA:63,8,1,0
BRDA:72,9,0,0
BRDA:72,9,1,0
BRDA:81,10,0,0
BRDA:81,10,1,0
BRDA:113,11,0,0
BRDA:113,11,1,0
BRDA:123,12,0,0
BRDA:123,12,1,0
BRDA:139,13,0,0
BRDA:139,13,1,0
BRDA:172,14,0,0
BRDA:172,14,1,0
BRDA:197,15,0,0
BRDA:197,15,1,0
BRDA:202,16,0,0
BRDA:202,16,1,0
BRDA:225,17,0,0
BRDA:225,17,1,0
BRDA:229,18,0,0
BRDA:229,18,1,0
BRDA:238,19,0,0
BRDA:238,19,1,0
BRDA:239,20,0,0
BRDA:239,20,1,0
BRDA:245,21,0,0
BRDA:245,21,1,0
BRF:45
BRH:0
end_of_record
TN:
SF:src/modules/integrations/integration.validation.ts
FNF:0
FNH:0
DA:1,4
DA:3,4
DA:9,4
LF:3
LH:3
BRF:0
BRH:0
end_of_record
TN:
SF:src/modules/integrations/connectors/gmail.connector.ts
FN:15,(anonymous_0)
FN:64,(anonymous_1)
FN:95,(anonymous_2)
FNF:3
FNH:0
FNDA:0,(anonymous_0)
FNDA:0,(anonymous_1)
FNDA:0,(anonymous_2)
DA:1,0
DA:2,0
DA:13,0
DA:16,0
DA:17,0
DA:20,0
DA:24,0
DA:25,0
DA:32,0
DA:49,0
DA:68,0
DA:72,0
DA:73,0
DA:79,0
DA:80,0
DA:91,0
DA:99,0
DA:103,0
DA:104,0
DA:107,0
DA:108,0
DA:116,0
DA:124,0
LF:23
LH:0
BRDA:16,0,0,0
BRDA:16,0,1,0
BRDA:24,1,0,0
BRDA:24,1,1,0
BRDA:59,2,0,0
BRDA:59,2,1,0
BRDA:72,3,0,0
BRDA:72,3,1,0
BRDA:79,4,0,0
BRDA:79,4,1,0
BRDA:84,5,0,0
BRDA:84,5,1,0
BRDA:103,6,0,0
BRDA:103,6,1,0
BRDA:107,7,0,0
BRDA:107,7,1,0
BRDA:107,8,0,0
BRDA:107,8,1,0
BRDA:107,8,2,0
BRF:19
BRH:0
end_of_record
TN:
SF:src/modules/integrations/connectors/webhook.connector.ts
FN:13,(anonymous_0)
FN:45,(anonymous_1)
FN:77,(anonymous_2)
FNF:3
FNH:0
FNDA:0,(anonymous_0)
FNDA:0,(anonymous_1)
FNDA:0,(anonymous_2)
DA:1,4
DA:2,4
DA:11,4
DA:14,0
DA:18,0
DA:19,0
DA:22,0
DA:26,0
DA:29,0
DA:39,0
DA:41,0
DA:47,0
DA:56,0
DA:57,0
DA:61,0
DA:69,0
DA:71,0
DA:72,0
DA:73,0
DA:76,0
DA:77,0
DA:78,0
DA:81,0
DA:92,0
DA:97,4
LF:25
LH:4
BRDA:18,0,0,0
BRDA:18,0,1,0
BRDA:22,1,0,0
BRDA:22,1,1,0
BRDA:26,2,0,0
BRDA:26,2,1,0
BRDA:33,3,0,0
BRDA:33,3,1,0
BRDA:56,4,0,0
BRDA:56,4,1,0
BRDA:71,5,0,0
BRDA:71,5,1,0
BRDA:72,6,0,0
BRDA:72,6,1,0
BRDA:72,7,0,0
BRDA:72,7,1,0
BRDA:76,8,0,0
BRDA:76,8,1,0
BRDA:78,9,0,0
BRDA:78,9,1,0
BRF:20
BRH:0
end_of_record
TN:
SF:src/modules/tasks/task.controller.ts
FN:5,(anonymous_0)
FN:7,(anonymous_1)
FN:27,(anonymous_2)
FN:46,(anonymous_3)
FN:66,(anonymous_4)
FN:78,(anonymous_5)
FN:90,(anonymous_6)
FN:102,(anonymous_7)
FN:114,(anonymous_8)
FN:127,(anonymous_9)
FN:139,(anonymous_10)
FN:151,(anonymous_11)
FNF:12
FNH:2
FNDA:4,(anonymous_0)
FNDA:13,(anonymous_1)
FNDA:0,(anonymous_2)
FNDA:0,(anonymous_3)
FNDA:0,(anonymous_4)
FNDA:0,(anonymous_5)
FNDA:0,(anonymous_6)
FNDA:0,(anonymous_7)
FNDA:0,(anonymous_8)
FNDA:0,(anonymous_9)
FNDA:0,(anonymous_10)
FNDA:0,(anonymous_11)
DA:2,4
DA:3,4
DA:7,4
DA:8,13
DA:9,13
DA:10,13
DA:11,13
DA:13,13
DA:20,13
DA:22,0
DA:27,4
DA:28,0
DA:29,0
DA:30,0
DA:32,0
DA:33,0
DA:39,0
DA:41,0
DA:46,4
DA:47,0
DA:48,0
DA:49,0
DA:51,0
DA:59,0
DA:61,0
DA:66,4
DA:67,0
DA:68,0
DA:69,0
DA:71,0
DA:73,0
DA:78,4
DA:79,0
DA:80,0
DA:81,0
DA:83,0
DA:85,0
DA:90,4
DA:91,0
DA:92,0
DA:93,0
DA:95,0
DA:97,0
DA:102,4
DA:103,0
DA:104,0
DA:105,0
DA:107,0
DA:109,0
DA:114,4
DA:115,0
DA:116,0
DA:117,0
DA:118,0
DA:120,0
DA:122,0
DA:127,4
DA:128,0
DA:129,0
DA:130,0
DA:132,0
DA:134,0
DA:139,4
DA:140,0
DA:141,0
DA:142,0
DA:144,0
DA:146,0
DA:151,4
DA:152,0
DA:153,0
DA:154,0
DA:155,0
DA:157,0
DA:159,0
DA:164,4
LF:76
LH:20
BRDA:32,0,0,0
BRDA:32,0,1,0
BRDA:48,1,0,0
BRDA:48,2,0,0
BRF:4
BRH:0
end_of_record
TN:
SF:src/modules/tasks/task.routes.ts
FNF:0
FNH:0
DA:1,4
DA:2,4
DA:3,4
DA:4,4
DA:5,4
DA:14,4
DA:17,4
DA:20,4
DA:21,4
DA:22,4
DA:23,4
DA:24,4
DA:27,4
DA:28,4
DA:29,4
DA:30,4
DA:33,4
DA:34,4
DA:36,4
LF:19
LH:19
BRF:0
BRH:0
end_of_record
TN:
SF:src/modules/tasks/task.service.ts
FN:9,(anonymous_0)
FN:33,(anonymous_1)
FN:51,(anonymous_2)
FN:83,(anonymous_3)
FN:95,(anonymous_4)
FN:129,(anonymous_5)
FN:144,(anonymous_6)
FN:167,(anonymous_7)
FN:182,(anonymous_8)
FN:205,(anonymous_9)
FN:220,(anonymous_10)
FN:223,(anonymous_11)
FN:241,(anonymous_12)
FN:256,(anonymous_13)
FN:266,(anonymous_14)
FN:273,(anonymous_15)
FN:274,(anonymous_16)
FN:294,(anonymous_17)
FN:324,(anonymous_18)
FN:345,(anonymous_19)
FN:382,(anonymous_20)
FNF:21
FNH:5
FNDA:17,(anonymous_0)
FNDA:2,(anonymous_1)
FNDA:1,(anonymous_2)
FNDA:2,(anonymous_3)
FNDA:0,(anonymous_4)
FNDA:0,(anonymous_5)
FNDA:0,(anonymous_6)
FNDA:0,(anonymous_7)
FNDA:0,(anonymous_8)
FNDA:0,(anonymous_9)
FNDA:0,(anonymous_10)
FNDA:0,(anonymous_11)
FNDA:0,(anonymous_12)
FNDA:0,(anonymous_13)
FNDA:0,(anonymous_14)
FNDA:0,(anonymous_15)
FNDA:0,(anonymous_16)
FNDA:0,(anonymous_17)
FNDA:0,(anonymous_18)
FNDA:0,(anonymous_19)
FNDA:20,(anonymous_20)
DA:1,5
DA:2,5
DA:3,5
DA:5,5
DA:10,17
DA:11,17
DA:25,17
DA:27,0
DA:28,0
DA:34,2
DA:35,2
DA:39,2
DA:40,1
DA:43,1
DA:45,0
DA:46,0
DA:52,1
DA:53,1
DA:54,1
DA:55,1
DA:57,1
DA:61,1
DA:62,0
DA:65,1
DA:66,0
DA:72,1
DA:82,1
DA:83,2
DA:89,0
DA:90,0
DA:96,0
DA:97,0
DA:101,0
DA:102,0
DA:106,0
DA:107,0
DA:110,0
DA:111,0
DA:112,0
DA:113,0
DA:114,0
DA:116,0
DA:121,0
DA:123,0
DA:124,0
DA:130,0
DA:131,0
DA:135,0
DA:136,0
DA:139,0
DA:140,0
DA:143,0
DA:144,0
DA:146,0
DA:152,0
DA:154,0
DA:159,0
DA:161,0
DA:162,0
DA:168,0
DA:169,0
DA:173,0
DA:174,0
DA:177,0
DA:178,0
DA:181,0
DA:182,0
DA:184,0
DA:185,0
DA:189,0
DA:190,0
DA:192,0
DA:197,0
DA:199,0
DA:200,0
DA:206,0
DA:207,0
DA:211,0
DA:212,0
DA:215,0
DA:216,0
DA:219,0
DA:220,0
DA:223,0
DA:228,0
DA:233,0
DA:235,0
DA:236,0
DA:242,0
DA:243,0
DA:247,0
DA:248,0
DA:251,0
DA:252,0
DA:255,0
DA:256,0
DA:259,0
DA:260,0
DA:261,0
DA:266,0
DA:272,0
DA:273,0
DA:274,0
DA:279,0
DA:281,0
DA:286,0
DA:288,0
DA:289,0
DA:295,0
DA:296,0
DA:300,0
DA:301,0
DA:304,0
DA:305,0
DA:308,0
DA:316,0
DA:318,0
DA:319,0
DA:325,0
DA:326,0
DA:330,0
DA:331,0
DA:334,0
DA:339,0
DA:340,0
DA:346,0
DA:347,0
DA:351,0
DA:352,0
DA:356,0
DA:357,0
DA:358,0
DA:360,0
DA:374,0
DA:376,0
DA:377,0
DA:383,20
DA:401,5
LF:138
LH:24
BRDA:14,0,0,17
BRDA:14,0,1,11
BRDA:39,1,0,1
BRDA:39,1,1,1
BRDA:53,2,0,1
BRDA:53,2,1,1
BRDA:54,3,0,1
BRDA:54,3,1,1
BRDA:61,4,0,0
BRDA:61,4,1,1
BRDA:65,5,0,0
BRDA:65,5,1,1
BRDA:101,6,0,0
BRDA:101,6,1,0
BRDA:106,7,0,0
BRDA:106,7,1,0
BRDA:111,8,0,0
BRDA:111,8,1,0
BRDA:112,9,0,0
BRDA:112,9,1,0
BRDA:113,10,0,0
BRDA:113,10,1,0
BRDA:114,11,0,0
BRDA:114,11,1,0
BRDA:135,12,0,0
BRDA:135,12,1,0
BRDA:139,13,0,0
BRDA:139,13,1,0
BRDA:143,14,0,0
BRDA:143,14,1,0
BRDA:144,15,0,0
BRDA:144,15,1,0
BRDA:173,16,0,0
BRDA:173,16,1,0
BRDA:177,17,0,0
BRDA:177,17,1,0
BRDA:181,18,0,0
BRDA:181,18,1,0
BRDA:184,19,0,0
BRDA:184,19,1,0
BRDA:211,20,0,0
BRDA:211,20,1,0
BRDA:215,21,0,0
BRDA:215,21,1,0
BRDA:219,22,0,0
BRDA:219,22,1,0
BRDA:247,23,0,0
BRDA:247,23,1,0
BRDA:251,24,0,0
BRDA:251,24,1,0
BRDA:255,25,0,0
BRDA:255,25,1,0
BRDA:260,26,0,0
BRDA:260,26,1,0
BRDA:300,27,0,0
BRDA:300,27,1,0
BRDA:304,28,0,0
BRDA:304,28,1,0
BRDA:330,29,0,0
BRDA:330,29,1,0
BRDA:351,30,0,0
BRDA:351,30,1,0
BRDA:357,31,0,0
BRDA:357,31,1,0
BRDA:386,32,0,20
BRDA:386,32,1,14
BRDA:389,33,0,20
BRDA:389,33,1,0
BRDA:390,34,0,20
BRDA:390,34,1,0
BRDA:391,35,0,20
BRDA:391,35,1,0
BRDA:396,36,0,20
BRDA:396,36,1,20
BRF:74
BRH:17
end_of_record
TN:
SF:src/modules/tasks/task.validation.ts
FNF:0
FNH:0
DA:1,4
DA:4,4
DA:30,4
DA:36,4
DA:44,4
DA:47,4
DA:50,4
DA:55,4
LF:8
LH:8
BRF:0
BRH:0
end_of_record
TN:
SF:src/modules/triggers/trigger.controller.ts
FN:5,(anonymous_0)
FN:7,(anonymous_1)
FN:17,(anonymous_2)
FN:36,(anonymous_3)
FN:47,(anonymous_4)
FN:58,(anonymous_5)
FN:77,(anonymous_6)
FN:90,(anonymous_7)
FNF:8
FNH:8
FNDA:4,(anonymous_0)
FNDA:11,(anonymous_1)
FNDA:3,(anonymous_2)
FNDA:1,(anonymous_3)
FNDA:1,(anonymous_4)
FNDA:2,(anonymous_5)
FNDA:1,(anonymous_6)
FNDA:1,(anonymous_7)
DA:2,4
DA:3,4
DA:7,4
DA:8,11
DA:9,11
DA:10,11
DA:12,0
DA:17,4
DA:18,3
DA:19,3
DA:20,3
DA:22,3
DA:23,1
DA:29,2
DA:31,0
DA:36,4
DA:37,1
DA:38,1
DA:39,1
DA:40,1
DA:42,0
DA:47,4
DA:48,1
DA:49,1
DA:50,1
DA:51,1
DA:53,0
DA:58,4
DA:59,2
DA:60,2
DA:69,2
DA:70,2
DA:72,0
DA:77,4
DA:78,1
DA:79,1
DA:81,1
DA:82,1
DA:83,1
DA:85,0
DA:90,4
DA:91,1
DA:92,1
DA:93,1
DA:94,1
DA:95,1
DA:96,1
DA:98,0
DA:103,4
LF:49
LH:42
BRDA:22,0,0,1
BRDA:22,0,1,2
BRDA:64,1,0,0
BRDA:64,1,1,2
BRDA:64,2,0,0
BRDA:64,2,1,2
BRDA:65,3,0,0
BRDA:65,3,1,2
BRDA:66,4,0,0
BRDA:66,4,1,2
BRDA:81,5,0,1
BRDA:81,5,1,0
BRDA:81,5,2,0
BRDA:93,6,0,0
BRDA:93,6,1,1
BRDA:94,7,0,0
BRDA:94,7,1,1
BRF:17
BRH:9
end_of_record
TN:
SF:src/modules/triggers/trigger.evaluator.ts
FN:3,(anonymous_0)
FN:11,(anonymous_1)
FN:45,(anonymous_2)
FN:64,(anonymous_3)
FN:67,(anonymous_4)
FN:72,(anonymous_5)
FN:75,(anonymous_6)
FN:85,(anonymous_7)
FN:128,(anonymous_8)
FN:148,(anonymous_9)
FN:194,(anonymous_10)
FN:206,(anonymous_11)
FN:210,(anonymous_12)
FNF:13
FNH:8
FNDA:1,(anonymous_0)
FNDA:1,(anonymous_1)
FNDA:2,(anonymous_2)
FNDA:1,(anonymous_3)
FNDA:1,(anonymous_4)
FNDA:1,(anonymous_5)
FNDA:0,(anonymous_6)
FNDA:1,(anonymous_7)
FNDA:1,(anonymous_8)
FNDA:0,(anonymous_9)
FNDA:0,(anonymous_10)
FNDA:0,(anonymous_11)
FNDA:0,(anonymous_12)
DA:3,4
DA:4,1
DA:5,1
DA:6,1
DA:12,1
DA:13,1
DA:15,1
DA:17,0
DA:20,1
DA:21,1
DA:22,1
DA:31,0
DA:32,0
DA:49,2
DA:50,0
DA:54,2
DA:55,1
DA:57,1
DA:65,1
DA:66,1
DA:67,1
DA:68,1
DA:71,1
DA:72,1
DA:75,0
DA:78,1
DA:86,1
DA:88,1
DA:90,0
DA:92,0
DA:94,0
DA:96,0
DA:98,0
DA:103,0
DA:108,0
DA:110,0
DA:112,0
DA:114,0
DA:116,0
DA:118,0
DA:120,1
DA:121,1
DA:129,1
DA:130,1
DA:132,1
DA:133,1
DA:134,0
DA:136,1
DA:137,0
DA:139,1
DA:142,1
DA:154,0
DA:155,0
DA:157,0
DA:158,0
DA:162,0
DA:163,0
DA:164,0
DA:166,0
DA:167,0
DA:169,0
DA:171,0
DA:173,0
DA:178,0
DA:179,0
DA:181,0
DA:183,0
DA:185,0
DA:187,0
DA:195,0
DA:196,0
DA:198,0
DA:199,0
DA:200,0
DA:207,0
DA:208,0
DA:210,0
LF:77
LH:32
BRDA:15,0,0,0
BRDA:15,0,1,1
BRDA:36,1,0,0
BRDA:36,1,1,0
BRDA:49,2,0,0
BRDA:49,2,1,2
BRDA:54,3,0,1
BRDA:54,3,1,1
BRDA:54,4,0,2
BRDA:54,4,1,2
BRDA:71,5,0,1
BRDA:71,5,1,0
BRDA:88,6,0,0
BRDA:88,6,1,0
BRDA:88,6,2,0
BRDA:88,6,3,0
BRDA:88,6,4,0
BRDA:88,6,5,0
BRDA:88,6,6,0
BRDA:88,6,7,0
BRDA:88,6,8,0
BRDA:88,6,9,0
BRDA:88,6,10,0
BRDA:88,6,11,0
BRDA:88,6,12,1
BRDA:99,7,0,0
BRDA:99,7,1,0
BRDA:104,8,0,0
BRDA:104,8,1,0
BRDA:116,9,0,0
BRDA:116,9,1,0
BRDA:118,10,0,0
BRDA:118,10,1,0
BRDA:133,11,0,0
BRDA:133,11,1,1
BRDA:133,12,0,1
BRDA:133,12,1,1
BRDA:136,13,0,0
BRDA:136,13,1,1
BRDA:154,14,0,0
BRDA:154,14,1,0
BRDA:154,15,0,0
BRDA:154,15,1,0
BRDA:157,16,0,0
BRDA:157,16,1,0
BRDA:157,17,0,0
BRDA:157,17,1,0
BRDA:164,18,0,0
BRDA:164,18,1,0
BRDA:164,18,2,0
BRDA:164,18,3,0
BRDA:166,19,0,0
BRDA:166,19,1,0
BRDA:167,20,0,0
BRDA:167,20,1,0
BRDA:167,20,2,0
BRDA:181,21,0,0
BRDA:181,21,1,0
BRDA:181,21,2,0
BRDA:195,22,0,0
BRDA:195,22,1,0
BRDA:195,23,0,0
BRDA:195,23,1,0
BRDA:207,24,0,0
BRDA:207,24,1,0
BRF:65
BRH:12
end_of_record
TN:
SF:src/modules/triggers/trigger.executor.ts
FN:8,(anonymous_0)
FN:14,(anonymous_1)
FN:71,(anonymous_2)
FN:99,(anonymous_3)
FN:100,(anonymous_4)
FN:101,(anonymous_5)
FNF:6
FNH:0
FNDA:0,(anonymous_0)
FNDA:0,(anonymous_1)
FNDA:0,(anonymous_2)
FNDA:0,(anonymous_3)
FNDA:0,(anonymous_4)
FNDA:0,(anonymous_5)
DA:2,0
DA:3,0
DA:4,0
DA:5,0
DA:6,0
DA:8,0
DA:9,0
DA:18,0
DA:19,0
DA:20,0
DA:22,0
DA:23,0
DA:24,0
DA:29,0
DA:30,0
DA:36,0
DA:39,0
DA:40,0
DA:43,0
DA:44,0
DA:47,0
DA:48,0
DA:52,0
DA:59,0
DA:60,0
DA:65,0
DA:75,0
DA:77,0
DA:79,0
DA:81,0
DA:83,0
DA:85,0
DA:87,0
DA:100,0
DA:101,0
LF:35
LH:0
BRDA:19,0,0,0
BRDA:19,0,1,0
BRDA:20,1,0,0
BRDA:20,1,1,0
BRDA:29,2,0,0
BRDA:29,2,1,0
BRDA:39,3,0,0
BRDA:39,3,1,0
BRDA:47,4,0,0
BRDA:47,4,1,0
BRDA:47,5,0,0
BRDA:47,5,1,0
BRDA:55,6,0,0
BRDA:55,6,1,0
BRDA:59,7,0,0
BRDA:59,7,1,0
BRDA:75,8,0,0
BRDA:75,8,1,0
BRDA:75,8,2,0
BRDA:75,8,3,0
BRDA:75,8,4,0
BRDA:75,8,5,0
BRF:22
BRH:0
end_of_record
TN:
SF:src/modules/triggers/trigger.routes.ts
FNF:0
FNH:0
DA:1,4
DA:2,4
DA:3,4
DA:4,4
DA:5,4
DA:11,4
DA:14,4
DA:17,4
DA:18,4
DA:19,4
DA:20,4
DA:21,4
DA:24,4
DA:25,4
DA:27,4
LF:15
LH:15
BRF:0
BRH:0
end_of_record
TN:
SF:src/modules/triggers/trigger.service.ts
FN:18,(anonymous_0)
FN:39,(anonymous_1)
FN:91,(anonymous_2)
FN:111,(anonymous_3)
FN:176,(anonymous_4)
FN:211,(anonymous_5)
FN:225,(anonymous_6)
FN:247,(anonymous_7)
FN:275,(anonymous_8)
FN:310,(anonymous_9)
FNF:10
FNH:9
FNDA:18,(anonymous_0)
FNDA:11,(anonymous_1)
FNDA:4,(anonymous_2)
FNDA:1,(anonymous_3)
FNDA:2,(anonymous_4)
FNDA:3,(anonymous_5)
FNDA:1,(anonymous_6)
FNDA:1,(anonymous_7)
FNDA:1,(anonymous_8)
FNDA:0,(anonymous_9)
DA:1,4
DA:2,4
DA:12,4
DA:19,18
DA:40,11
DA:42,11
DA:43,0
DA:47,11
DA:48,10
DA:51,10
DA:52,0
DA:57,11
DA:58,1
DA:61,1
DA:62,0
DA:66,11
DA:81,11
DA:83,0
DA:84,0
DA:92,4
DA:93,4
DA:97,4
DA:98,1
DA:101,3
DA:103,0
DA:104,0
DA:112,1
DA:113,1
DA:117,1
DA:118,0
DA:122,1
DA:123,0
DA:124,0
DA:126,0
DA:127,0
DA:130,0
DA:131,0
DA:134,0
DA:135,0
DA:139,0
DA:140,0
DA:143,0
DA:144,0
DA:149,1
DA:150,1
DA:151,1
DA:152,1
DA:153,1
DA:154,1
DA:155,1
DA:156,1
DA:157,1
DA:158,1
DA:159,1
DA:161,1
DA:166,1
DA:168,0
DA:169,0
DA:177,2
DA:178,2
DA:179,2
DA:180,2
DA:182,2
DA:184,2
DA:185,2
DA:188,2
DA:189,0
DA:192,2
DA:193,0
DA:196,2
DA:197,0
DA:200,2
DA:210,2
DA:211,3
DA:217,0
DA:218,0
DA:226,1
DA:227,1
DA:231,1
DA:232,0
DA:235,1
DA:239,0
DA:240,0
DA:248,1
DA:249,1
DA:251,1
DA:252,0
DA:255,1
DA:256,1
DA:257,1
DA:258,1
DA:260,1
DA:267,0
DA:268,0
DA:285,1
DA:287,1
DA:291,1
DA:292,0
DA:295,1
DA:297,1
DA:309,1
DA:310,0
DA:327,0
DA:328,0
DA:333,4
LF:105
LH:68
BRDA:22,0,0,18
BRDA:22,0,1,12
BRDA:25,1,0,18
BRDA:25,1,1,0
BRDA:26,2,0,4
BRDA:26,2,1,14
BRDA:27,3,0,18
BRDA:27,3,1,0
BRDA:28,4,0,18
BRDA:28,4,1,0
BRDA:29,5,0,18
BRDA:29,5,1,1
BRDA:30,6,0,18
BRDA:30,6,1,17
BRDA:42,7,0,0
BRDA:42,7,1,11
BRDA:42,8,0,11
BRDA:42,8,1,10
BRDA:47,9,0,10
BRDA:47,9,1,1
BRDA:51,10,0,0
BRDA:51,10,1,10
BRDA:57,11,0,1
BRDA:57,11,1,10
BRDA:61,12,0,0
BRDA:61,12,1,1
BRDA:69,13,0,11
BRDA:69,13,1,8
BRDA:70,14,0,11
BRDA:70,14,1,0
BRDA:72,15,0,11
BRDA:72,15,1,0
BRDA:73,16,0,2
BRDA:73,16,1,9
BRDA:74,17,0,11
BRDA:74,17,1,0
BRDA:75,18,0,11
BRDA:75,18,1,0
BRDA:76,19,0,11
BRDA:76,19,1,1
BRDA:77,20,0,11
BRDA:77,20,1,10
BRDA:97,21,0,1
BRDA:97,21,1,3
BRDA:117,22,0,0
BRDA:117,22,1,1
BRDA:122,23,0,0
BRDA:122,23,1,1
BRDA:122,24,0,1
BRDA:122,24,1,1
BRDA:123,25,0,0
BRDA:123,25,1,0
BRDA:124,26,0,0
BRDA:124,26,1,0
BRDA:126,27,0,0
BRDA:126,27,1,0
BRDA:126,28,0,0
BRDA:126,28,1,0
BRDA:130,29,0,0
BRDA:130,29,1,0
BRDA:134,30,0,0
BRDA:134,30,1,0
BRDA:139,31,0,0
BRDA:139,31,1,0
BRDA:143,32,0,0
BRDA:143,32,1,0
BRDA:150,33,0,1
BRDA:150,33,1,0
BRDA:151,34,0,1
BRDA:151,34,1,0
BRDA:152,35,0,1
BRDA:152,35,1,0
BRDA:153,36,0,0
BRDA:153,36,1,1
BRDA:154,37,0,0
BRDA:154,37,1,1
BRDA:155,38,0,0
BRDA:155,38,1,1
BRDA:155,39,0,0
BRDA:155,39,1,0
BRDA:156,40,0,0
BRDA:156,40,1,1
BRDA:157,41,0,0
BRDA:157,41,1,1
BRDA:158,42,0,0
BRDA:158,42,1,1
BRDA:158,43,0,0
BRDA:158,43,1,0
BRDA:159,44,0,0
BRDA:159,44,1,1
BRDA:159,45,0,0
BRDA:159,45,1,0
BRDA:178,46,0,2
BRDA:178,46,1,2
BRDA:179,47,0,2
BRDA:179,47,1,2
BRDA:184,48,0,2
BRDA:184,48,1,0
BRDA:188,49,0,0
BRDA:188,49,1,2
BRDA:192,50,0,0
BRDA:192,50,1,2
BRDA:196,51,0,0
BRDA:196,51,1,2
BRDA:231,52,0,0
BRDA:231,52,1,1
BRDA:251,53,0,0
BRDA:251,53,1,1
BRDA:263,54,0,0
BRDA:263,54,1,1
BRDA:277,55,0,0
BRDA:278,56,0,0
BRDA:291,57,0,0
BRDA:291,57,1,1
BRF:114
BRH:60
end_of_record
TN:
SF:src/modules/triggers/trigger.validation.ts
FNF:0
FNH:0
DA:1,4
DA:2,4
DA:5,4
DA:8,4
DA:14,4
DA:20,4
DA:29,4
DA:35,4
DA:43,4
DA:51,4
DA:58,4
DA:67,4
DA:88,4
DA:108,4
LF:14
LH:14
BRF:0
BRH:0
end_of_record
TN:
SF:src/modules/triggers/actions/database.action.ts
FN:7,updateDatabase
FN:63,(anonymous_1)
FN:98,(anonymous_2)
FNF:3
FNH:0
FNDA:0,updateDatabase
FNDA:0,(anonymous_1)
FNDA:0,(anonymous_2)
DA:2,0
DA:7,0
DA:11,0
DA:13,0
DA:15,0
DA:19,0
DA:20,0
DA:25,0
DA:27,0
DA:28,0
DA:31,0
DA:35,0
DA:41,0
DA:44,0
DA:45,0
DA:48,0
DA:58,0
DA:59,0
DA:63,0
DA:64,0
DA:76,0
DA:77,0
DA:80,0
DA:81,0
DA:84,0
DA:94,0
DA:95,0
DA:98,0
DA:99,0
DA:104,0
DA:105,0
DA:108,0
DA:111,0
DA:113,0
DA:124,0
DA:125,0
LF:36
LH:0
BRDA:19,0,0,0
BRDA:19,0,1,0
BRDA:25,1,0,0
BRDA:25,1,1,0
BRDA:25,1,2,0
BRDA:25,1,3,0
BRDA:27,2,0,0
BRDA:27,2,1,0
BRDA:44,3,0,0
BRDA:44,3,1,0
BRDA:44,4,0,0
BRDA:44,4,1,0
BRDA:58,5,0,0
BRDA:58,5,1,0
BRDA:80,6,0,0
BRDA:80,6,1,0
BRDA:94,7,0,0
BRDA:94,7,1,0
BRDA:118,8,0,0
BRDA:118,8,1,0
BRDA:128,9,0,0
BRDA:128,9,1,0
BRF:22
BRH:0
end_of_record
TN:
SF:src/modules/triggers/actions/email.action.ts
FN:8,sendEmail
FN:26,(anonymous_1)
FNF:2
FNH:0
FNDA:0,sendEmail
FNDA:0,(anonymous_1)
DA:8,0
DA:12,0
DA:14,0
DA:18,0
DA:21,0
DA:22,0
DA:24,0
DA:25,0
DA:26,0
DA:27,0
DA:28,0
DA:29,0
DA:34,0
DA:48,0
DA:50,0
DA:61,0
DA:62,0
LF:17
LH:0
BRDA:18,0,0,0
BRDA:18,0,1,0
BRDA:24,1,0,0
BRDA:24,1,1,0
BRDA:24,2,0,0
BRDA:24,2,1,0
BRDA:65,3,0,0
BRDA:65,3,1,0
BRF:8
BRH:0
end_of_record
TN:
SF:src/modules/triggers/actions/flow.action.ts
FN:7,startFlow
FNF:1
FNH:0
FNDA:0,startFlow
DA:2,0
DA:7,0
DA:11,0
DA:13,0
DA:15,0
DA:19,0
DA:20,0
DA:23,0
DA:24,0
DA:28,0
DA:33,0
DA:34,0
DA:38,0
DA:39,0
DA:40,0
DA:44,0
DA:57,0
DA:59,0
DA:70,0
DA:71,0
LF:20
LH:0
BRDA:19,0,0,0
BRDA:19,0,1,0
BRDA:23,1,0,0
BRDA:23,1,1,0
BRDA:23,2,0,0
BRDA:23,2,1,0
BRDA:33,3,0,0
BRDA:33,3,1,0
BRDA:38,4,0,0
BRDA:38,4,1,0
BRDA:38,4,2,0
BRDA:39,5,0,0
BRDA:39,5,1,0
BRDA:74,6,0,0
BRDA:74,6,1,0
BRF:15
BRH:0
end_of_record
TN:
SF:src/modules/triggers/actions/task.action.ts
FN:7,assignTask
FNF:1
FNH:0
FNDA:0,assignTask
DA:2,0
DA:7,0
DA:11,0
DA:13,0
DA:15,0
DA:19,0
DA:20,0
DA:23,0
DA:24,0
DA:28,0
DA:29,0
DA:30,0
DA:34,0
DA:38,0
DA:39,0
DA:43,0
DA:57,0
DA:59,0
DA:71,0
DA:72,0
LF:20
LH:0
BRDA:19,0,0,0
BRDA:19,0,1,0
BRDA:23,1,0,0
BRDA:23,1,1,0
BRDA:28,2,0,0
BRDA:28,2,1,0
BRDA:28,2,2,0
BRDA:29,3,0,0
BRDA:29,3,1,0
BRDA:38,4,0,0
BRDA:38,4,1,0
BRDA:52,5,0,0
BRDA:52,5,1,0
BRDA:53,6,0,0
BRDA:53,6,1,0
BRDA:75,7,0,0
BRDA:75,7,1,0
BRF:17
BRH:0
end_of_record
TN:
SF:src/modules/triggers/actions/webhook.action.ts
FN:7,callWebhook
FNF:1
FNH:0
FNDA:0,callWebhook
DA:1,0
DA:7,0
DA:11,0
DA:13,0
DA:15,0
DA:16,0
DA:17,0
DA:21,0
DA:22,0
DA:26,0
DA:37,0
DA:38,0
DA:39,0
DA:40,0
DA:44,0
DA:46,0
DA:48,0
DA:59,0
DA:60,0
LF:19
LH:0
BRDA:16,0,0,0
BRDA:16,0,1,0
BRDA:16,1,0,0
BRDA:16,1,1,0
BRDA:21,2,0,0
BRDA:21,2,1,0
BRDA:37,3,0,0
BRDA:37,3,1,0
BRDA:39,4,0,0
BRDA:39,4,1,0
BRDA:63,5,0,0
BRDA:63,5,1,0
BRDA:63,5,2,0
BRF:13
BRH:0
end_of_record
TN:
SF:src/modules/triggers/events/event.bus.ts
FN:15,(anonymous_0)
FN:20,(anonymous_1)
FN:31,(anonymous_2)
FN:54,(anonymous_3)
FN:125,(anonymous_4)
FN:134,(anonymous_5)
FN:163,(anonymous_6)
FN:193,(anonymous_7)
FN:202,(anonymous_8)
FNF:9
FNH:0
FNDA:0,(anonymous_0)
FNDA:0,(anonymous_1)
FNDA:0,(anonymous_2)
FNDA:0,(anonymous_3)
FNDA:0,(anonymous_4)
FNDA:0,(anonymous_5)
FNDA:0,(anonymous_6)
FNDA:0,(anonymous_7)
FNDA:0,(anonymous_8)
DA:2,0
DA:3,0
DA:9,0
DA:11,0
DA:12,0
DA:13,0
DA:21,0
DA:22,0
DA:23,0
DA:25,0
DA:32,0
DA:33,0
DA:36,0
DA:37,0
DA:43,0
DA:44,0
DA:46,0
DA:47,0
DA:59,0
DA:60,0
DA:64,0
DA:66,0
DA:69,0
DA:70,0
DA:72,0
DA:85,0
DA:86,0
DA:87,0
DA:88,0
DA:89,0
DA:90,0
DA:91,0
DA:94,0
DA:97,0
DA:98,0
DA:100,0
DA:110,0
DA:111,0
DA:112,0
DA:116,0
DA:117,0
DA:118,0
DA:119,0
DA:122,0
DA:124,0
DA:125,0
DA:135,0
DA:136,0
DA:139,0
DA:140,0
DA:141,0
DA:144,0
DA:145,0
DA:148,0
DA:149,0
DA:152,0
DA:153,0
DA:154,0
DA:156,0
DA:168,0
DA:169,0
DA:172,0
DA:180,0
DA:181,0
DA:183,0
DA:184,0
DA:194,0
DA:209,0
DA:210,0
DA:213,0
DA:215,0
DA:216,0
DA:225,0
DA:227,0
LF:74
LH:0
BRDA:21,0,0,0
BRDA:21,0,1,0
BRDA:32,1,0,0
BRDA:32,1,1,0
BRDA:57,2,0,0
BRDA:59,3,0,0
BRDA:59,3,1,0
BRDA:85,4,0,0
BRDA:85,4,1,0
BRDA:85,5,0,0
BRDA:85,5,1,0
BRDA:87,6,0,0
BRDA:87,6,1,0
BRDA:87,7,0,0
BRDA:87,7,1,0
BRDA:110,8,0,0
BRDA:110,8,1,0
BRDA:110,9,0,0
BRDA:110,9,1,0
BRDA:110,9,2,0
BRDA:116,10,0,0
BRDA:116,10,1,0
BRDA:124,11,0,0
BRDA:124,11,1,0
BRDA:135,12,0,0
BRDA:135,12,1,0
BRDA:140,13,0,0
BRDA:140,13,1,0
BRDA:152,14,0,0
BRDA:152,14,1,0
BRDA:166,15,0,0
BRDA:168,16,0,0
BRDA:168,16,1,0
BRDA:209,17,0,0
BRDA:209,17,1,0
BRF:35
BRH:0
end_of_record
TN:
SF:src/modules/triggers/events/event.consumer.ts
FN:20,(anonymous_0)
FN:27,(anonymous_1)
FN:39,(anonymous_2)
FN:43,(anonymous_3)
FN:54,(anonymous_4)
FN:64,(anonymous_5)
FN:70,(anonymous_6)
FN:78,(anonymous_7)
FN:88,(anonymous_8)
FN:124,(anonymous_9)
FN:148,(anonymous_10)
FN:149,(anonymous_11)
FN:164,(anonymous_12)
FN:199,(anonymous_13)
FN:227,(anonymous_14)
FN:251,(anonymous_15)
FNF:16
FNH:0
FNDA:0,(anonymous_0)
FNDA:0,(anonymous_1)
FNDA:0,(anonymous_2)
FNDA:0,(anonymous_3)
FNDA:0,(anonymous_4)
FNDA:0,(anonymous_5)
FNDA:0,(anonymous_6)
FNDA:0,(anonymous_7)
FNDA:0,(anonymous_8)
FNDA:0,(anonymous_9)
FNDA:0,(anonymous_10)
FNDA:0,(anonymous_11)
FNDA:0,(anonymous_12)
FNDA:0,(anonymous_13)
FNDA:0,(anonymous_14)
FNDA:0,(anonymous_15)
DA:1,0
DA:2,0
DA:4,0
DA:5,0
DA:6,0
DA:13,0
DA:14,0
DA:15,0
DA:17,0
DA:18,0
DA:21,0
DA:28,0
DA:29,0
DA:30,0
DA:33,0
DA:34,0
DA:36,0
DA:39,0
DA:40,0
DA:41,0
DA:43,0
DA:44,0
DA:45,0
DA:55,0
DA:56,0
DA:59,0
DA:60,0
DA:64,0
DA:71,0
DA:72,0
DA:76,0
DA:79,0
DA:93,0
DA:95,0
DA:96,0
DA:99,0
DA:101,0
DA:102,0
DA:103,0
DA:106,0
DA:109,0
DA:110,0
DA:113,0
DA:114,0
DA:116,0
DA:117,0
DA:129,0
DA:131,0
DA:133,0
DA:134,0
DA:136,0
DA:137,0
DA:138,0
DA:141,0
DA:144,0
DA:145,0
DA:148,0
DA:149,0
DA:150,0
DA:153,0
DA:156,0
DA:164,0
DA:169,0
DA:171,0
DA:172,0
DA:174,0
DA:177,0
DA:178,0
DA:191,0
DA:203,0
DA:204,0
DA:210,0
DA:211,0
DA:219,0
DA:220,0
DA:223,0
DA:227,0
DA:243,0
DA:244,0
DA:252,0
DA:253,0
DA:256,0
DA:258,0
DA:263,0
DA:264,0
DA:265,0
DA:268,0
DA:270,0
DA:271,0
DA:272,0
DA:274,0
LF:91
LH:0
BRDA:20,0,0,0
BRDA:28,1,0,0
BRDA:28,1,1,0
BRDA:44,2,0,0
BRDA:44,2,1,0
BRDA:59,3,0,0
BRDA:59,3,1,0
BRDA:71,4,0,0
BRDA:71,4,1,0
BRDA:101,5,0,0
BRDA:101,5,1,0
BRDA:136,6,0,0
BRDA:136,6,1,0
BRDA:150,7,0,0
BRDA:150,7,1,0
BRDA:150,8,0,0
BRDA:150,8,1,0
BRDA:164,9,0,0
BRDA:164,9,1,0
BRDA:172,10,0,0
BRDA:172,10,1,0
BRDA:210,11,0,0
BRDA:210,11,1,0
BRDA:230,12,0,0
BRDA:230,12,1,0
BRDA:233,13,0,0
BRDA:233,13,1,0
BRDA:234,14,0,0
BRDA:234,14,1,0
BRDA:235,15,0,0
BRDA:235,15,1,0
BRDA:236,16,0,0
BRDA:236,16,1,0
BRDA:237,17,0,0
BRDA:237,17,1,0
BRDA:238,18,0,0
BRDA:238,18,1,0
BRDA:252,19,0,0
BRDA:252,19,1,0
BRDA:263,20,0,0
BRDA:263,20,1,0
BRF:41
BRH:0
end_of_record
TN:
SF:src/modules/triggers/events/event.publisher.ts
FN:19,(anonymous_0)
FN:22,(anonymous_1)
FN:32,(anonymous_2)
FN:46,(anonymous_3)
FN:57,(anonymous_4)
FN:68,(anonymous_5)
FN:91,(anonymous_6)
FN:102,(anonymous_7)
FN:113,(anonymous_8)
FN:132,(anonymous_9)
FN:153,(anonymous_10)
FN:161,(anonymous_11)
FNF:12
FNH:0
FNDA:0,(anonymous_0)
FNDA:0,(anonymous_1)
FNDA:0,(anonymous_2)
FNDA:0,(anonymous_3)
FNDA:0,(anonymous_4)
FNDA:0,(anonymous_5)
FNDA:0,(anonymous_6)
FNDA:0,(anonymous_7)
FNDA:0,(anonymous_8)
FNDA:0,(anonymous_9)
FNDA:0,(anonymous_10)
FNDA:0,(anonymous_11)
DA:1,0
DA:2,0
DA:20,0
DA:23,0
DA:24,0
DA:26,0
DA:36,0
DA:37,0
DA:47,0
DA:48,0
DA:58,0
DA:59,0
DA:76,0
DA:77,0
DA:92,0
DA:93,0
DA:103,0
DA:104,0
DA:119,0
DA:120,0
DA:139,0
DA:140,0
DA:154,0
DA:155,0
DA:162,0
DA:163,0
DA:167,0
LF:27
LH:0
BRDA:23,0,0,0
BRDA:23,0,1,0
BRF:2
BRH:0
end_of_record
